<?xml version="1.0" encoding="UTF-8"?>
<testsuites name="TestSuiteCollectionAmazon" time="616.797" tests="20" failures="0" errors="0">
   <testsuite name="TC_Amazon_TestSuite" tests="10" failures="0" errors="0" time="255.256" skipped="0" timestamp="29-01-2024T23:22:41" hostname="nizam - 10.3.141.5" id="Test Suites/Amazon/TC_Amazon_TestSuite">
      <properties>
         <property name="deviceName" value=""/>
         <property name="devicePlatform" value=""/>
         <property name="logFolder" value="C:\\Users\\nizam\\Katalon Studio\\Amazon\\Reports\\20240129_232231\\Amazon\\TC_Amazon_TestSuite\\20240129_232232"/>
         <property name="logFiles" value="C:\\Users\\nizam\\Katalon Studio\\Amazon\\Reports\\20240129_232231\\Amazon\\TC_Amazon_TestSuite\\20240129_232232\\execution0.log"/>
         <property name="attachments" value="C:\\Users\\nizam\\Katalon Studio\\Amazon\\Reports\\20240129_232231\\Amazon\\TC_Amazon_TestSuite\\20240129_232232\\1706550929047.png"/>
         <property name="hostName" value="nizam - 10.3.141.5"/>
         <property name="os" value="Windows 11 64bit"/>
         <property name="katalonVersion" value="9.2.0.212"/>
         <property name="browser" value="Chrome 121.0.0.0"/>
         <property name="hostAddress" value="10.3.141.5"/>
         <property name="sessionId" value="573ae175b6b2f6e771f7c291347d671c"/>
         <property name="seleniumVersion" value="3.141.59"/>
         <property name="proxyInformation" value="ProxyInformation { proxyOption=NO_PROXY, proxyServerType=HTTP, username=, password=********, proxyServerAddress=, proxyServerPort=0, executionList=&quot;&quot;, isApplyToDesiredCapabilities=true }"/>
         <property name="platform" value="Windows 11"/>
      </properties>
      <testcase name="Test Cases/Amazon/TC_Amazon_001" time="8.916" classname="Test Cases/Amazon/TC_Amazon_001" status="PASSED">
         <system-out><![CDATA[29-01-2024T23:22:41 - [TEST_CASE][PASSED] - Test Cases/Amazon/TC_Amazon_001: Test Cases/Amazon/TC_Amazon_001

29-01-2024T23:22:41 - [TEST_STEP][PASSED] - openBrowser("Amazon.in"): Browser is opened with url: 'Amazon.in'

29-01-2024T23:22:41 - [MESSAGE][INFO] - Starting 'Chrome' driver

29-01-2024T23:22:41 - [MESSAGE][INFO] - Action delay is set to 0 milliseconds

29-01-2024T23:22:45 - [MESSAGE][PASSED] - Browser is opened with url: 'Amazon.in'

29-01-2024T23:22:45 - [TEST_STEP][PASSED] - maximizeWindow(): Current window maximized

29-01-2024T23:22:45 - [MESSAGE][PASSED] - Current window maximized

29-01-2024T23:22:45 - [TEST_STEP][PASSED] - verifyElementPresent(findTestObject("Amazon/TC_Amazon_001_Homepage/Page_Online Shopping site in India Shop Online for Mobiles, Books, Watches, Shoes and More - Amazon.in/a_in"), 0): Object 'Object Repository/Amazon/TC_Amazon_001_Homepage/Page_Online Shopping site in India Shop Online for Mobiles, Books, Watches, Shoes and More - Amazon.in/a_in' is present

29-01-2024T23:22:45 - [MESSAGE][WARNING] - Timeout '0' is invalid. Using default page load timeout: '30'

29-01-2024T23:22:45 - [MESSAGE][PASSED] - Object 'Object Repository/Amazon/TC_Amazon_001_Homepage/Page_Online Shopping site in India Shop Online for Mobiles, Books, Watches, Shoes and More - Amazon.in/a_in' is present

29-01-2024T23:22:45 - [TEST_STEP][PASSED] - verifyElementPresent(findTestObject("Amazon/TC_Amazon_001_Homepage/Page_Online Shopping site in India Shop Online for Mobiles, Books, Watches, Shoes and More - Amazon.in/div_All"), 0): Object 'Object Repository/Amazon/TC_Amazon_001_Homepage/Page_Online Shopping site in India Shop Online for Mobiles, Books, Watches, Shoes and More - Amazon.in/div_All' is present

29-01-2024T23:22:45 - [MESSAGE][WARNING] - Timeout '0' is invalid. Using default page load timeout: '30'

29-01-2024T23:22:46 - [MESSAGE][PASSED] - Object 'Object Repository/Amazon/TC_Amazon_001_Homepage/Page_Online Shopping site in India Shop Online for Mobiles, Books, Watches, Shoes and More - Amazon.in/div_All' is present

29-01-2024T23:22:46 - [TEST_STEP][PASSED] - verifyElementPresent(findTestObject("Amazon/TC_Amazon_001_Homepage/Page_Online Shopping site in India Shop Online for Mobiles, Books, Watches, Shoes and More - Amazon.in/a_All"), 0): Object 'Object Repository/Amazon/TC_Amazon_001_Homepage/Page_Online Shopping site in India Shop Online for Mobiles, Books, Watches, Shoes and More - Amazon.in/a_All' is present

29-01-2024T23:22:46 - [MESSAGE][WARNING] - Timeout '0' is invalid. Using default page load timeout: '30'

29-01-2024T23:22:46 - [MESSAGE][PASSED] - Object 'Object Repository/Amazon/TC_Amazon_001_Homepage/Page_Online Shopping site in India Shop Online for Mobiles, Books, Watches, Shoes and More - Amazon.in/a_All' is present

29-01-2024T23:22:46 - [TEST_STEP][PASSED] - verifyElementPresent(findTestObject("Amazon/TC_Amazon_001_Homepage/Page_Online Shopping site in India Shop Online for Mobiles, Books, Watches, Shoes and More - Amazon.in/a_Fresh"), 0): Object 'Object Repository/Amazon/TC_Amazon_001_Homepage/Page_Online Shopping site in India Shop Online for Mobiles, Books, Watches, Shoes and More - Amazon.in/a_Fresh' is present

29-01-2024T23:22:46 - [MESSAGE][WARNING] - Timeout '0' is invalid. Using default page load timeout: '30'

29-01-2024T23:22:47 - [MESSAGE][PASSED] - Object 'Object Repository/Amazon/TC_Amazon_001_Homepage/Page_Online Shopping site in India Shop Online for Mobiles, Books, Watches, Shoes and More - Amazon.in/a_Fresh' is present

29-01-2024T23:22:47 - [TEST_STEP][PASSED] - verifyElementPresent(findTestObject("Amazon/TC_Amazon_001_Homepage/Page_Online Shopping site in India Shop Online for Mobiles, Books, Watches, Shoes and More - Amazon.in/a_Amazon miniTV"), 0): Object 'Object Repository/Amazon/TC_Amazon_001_Homepage/Page_Online Shopping site in India Shop Online for Mobiles, Books, Watches, Shoes and More - Amazon.in/a_Amazon miniTV' is present

29-01-2024T23:22:47 - [MESSAGE][WARNING] - Timeout '0' is invalid. Using default page load timeout: '30'

29-01-2024T23:22:47 - [MESSAGE][PASSED] - Object 'Object Repository/Amazon/TC_Amazon_001_Homepage/Page_Online Shopping site in India Shop Online for Mobiles, Books, Watches, Shoes and More - Amazon.in/a_Amazon miniTV' is present

29-01-2024T23:22:47 - [TEST_STEP][PASSED] - verifyElementPresent(findTestObject("Amazon/TC_Amazon_001_Homepage/Page_Online Shopping site in India Shop Online for Mobiles, Books, Watches, Shoes and More - Amazon.in/a_Sell"), 0): Object 'Object Repository/Amazon/TC_Amazon_001_Homepage/Page_Online Shopping site in India Shop Online for Mobiles, Books, Watches, Shoes and More - Amazon.in/a_Sell' is present

29-01-2024T23:22:47 - [MESSAGE][WARNING] - Timeout '0' is invalid. Using default page load timeout: '30'

29-01-2024T23:22:47 - [MESSAGE][PASSED] - Object 'Object Repository/Amazon/TC_Amazon_001_Homepage/Page_Online Shopping site in India Shop Online for Mobiles, Books, Watches, Shoes and More - Amazon.in/a_Sell' is present

29-01-2024T23:22:47 - [TEST_STEP][PASSED] - verifyElementPresent(findTestObject("Amazon/TC_Amazon_001_Homepage/Page_Online Shopping site in India Shop Online for Mobiles, Books, Watches, Shoes and More - Amazon.in/a_Best Sellers"), 0): Object 'Object Repository/Amazon/TC_Amazon_001_Homepage/Page_Online Shopping site in India Shop Online for Mobiles, Books, Watches, Shoes and More - Amazon.in/a_Best Sellers' is present

29-01-2024T23:22:47 - [MESSAGE][WARNING] - Timeout '0' is invalid. Using default page load timeout: '30'

29-01-2024T23:22:47 - [MESSAGE][PASSED] - Object 'Object Repository/Amazon/TC_Amazon_001_Homepage/Page_Online Shopping site in India Shop Online for Mobiles, Books, Watches, Shoes and More - Amazon.in/a_Best Sellers' is present

29-01-2024T23:22:47 - [TEST_STEP][PASSED] - verifyElementPresent(findTestObject("Amazon/TC_Amazon_001_Homepage/Page_Online Shopping site in India Shop Online for Mobiles, Books, Watches, Shoes and More - Amazon.in/a_Todays Deals"), 0): Object 'Object Repository/Amazon/TC_Amazon_001_Homepage/Page_Online Shopping site in India Shop Online for Mobiles, Books, Watches, Shoes and More - Amazon.in/a_Todays Deals' is present

29-01-2024T23:22:47 - [MESSAGE][WARNING] - Timeout '0' is invalid. Using default page load timeout: '30'

29-01-2024T23:22:48 - [MESSAGE][PASSED] - Object 'Object Repository/Amazon/TC_Amazon_001_Homepage/Page_Online Shopping site in India Shop Online for Mobiles, Books, Watches, Shoes and More - Amazon.in/a_Todays Deals' is present

29-01-2024T23:22:48 - [TEST_STEP][PASSED] - verifyElementPresent(findTestObject("Amazon/TC_Amazon_001_Homepage/Page_Online Shopping site in India Shop Online for Mobiles, Books, Watches, Shoes and More - Amazon.in/a_Mobiles"), 0): Object 'Object Repository/Amazon/TC_Amazon_001_Homepage/Page_Online Shopping site in India Shop Online for Mobiles, Books, Watches, Shoes and More - Amazon.in/a_Mobiles' is present

29-01-2024T23:22:48 - [MESSAGE][WARNING] - Timeout '0' is invalid. Using default page load timeout: '30'

29-01-2024T23:22:48 - [MESSAGE][PASSED] - Object 'Object Repository/Amazon/TC_Amazon_001_Homepage/Page_Online Shopping site in India Shop Online for Mobiles, Books, Watches, Shoes and More - Amazon.in/a_Mobiles' is present

29-01-2024T23:22:48 - [TEST_STEP][PASSED] - verifyElementPresent(findTestObject("Amazon/TC_Amazon_001_Homepage/Page_Online Shopping site in India Shop Online for Mobiles, Books, Watches, Shoes and More - Amazon.in/a_Electronics"), 0): Object 'Object Repository/Amazon/TC_Amazon_001_Homepage/Page_Online Shopping site in India Shop Online for Mobiles, Books, Watches, Shoes and More - Amazon.in/a_Electronics' is present

29-01-2024T23:22:48 - [MESSAGE][WARNING] - Timeout '0' is invalid. Using default page load timeout: '30'

29-01-2024T23:22:48 - [MESSAGE][PASSED] - Object 'Object Repository/Amazon/TC_Amazon_001_Homepage/Page_Online Shopping site in India Shop Online for Mobiles, Books, Watches, Shoes and More - Amazon.in/a_Electronics' is present

29-01-2024T23:22:48 - [TEST_STEP][PASSED] - verifyElementPresent(findTestObject("Amazon/TC_Amazon_001_Homepage/Page_Online Shopping site in India Shop Online for Mobiles, Books, Watches, Shoes and More - Amazon.in/a_Customer Service"), 0): Object 'Object Repository/Amazon/TC_Amazon_001_Homepage/Page_Online Shopping site in India Shop Online for Mobiles, Books, Watches, Shoes and More - Amazon.in/a_Customer Service' is present

29-01-2024T23:22:49 - [MESSAGE][WARNING] - Timeout '0' is invalid. Using default page load timeout: '30'

29-01-2024T23:22:49 - [MESSAGE][PASSED] - Object 'Object Repository/Amazon/TC_Amazon_001_Homepage/Page_Online Shopping site in India Shop Online for Mobiles, Books, Watches, Shoes and More - Amazon.in/a_Customer Service' is present

29-01-2024T23:22:49 - [TEST_STEP][PASSED] - verifyElementPresent(findTestObject("Amazon/TC_Amazon_001_Homepage/Page_Online Shopping site in India Shop Online for Mobiles, Books, Watches, Shoes and More - Amazon.in/a_Prime"), 0): Object 'Object Repository/Amazon/TC_Amazon_001_Homepage/Page_Online Shopping site in India Shop Online for Mobiles, Books, Watches, Shoes and More - Amazon.in/a_Prime' is present

29-01-2024T23:22:49 - [MESSAGE][WARNING] - Timeout '0' is invalid. Using default page load timeout: '30'

29-01-2024T23:22:49 - [MESSAGE][PASSED] - Object 'Object Repository/Amazon/TC_Amazon_001_Homepage/Page_Online Shopping site in India Shop Online for Mobiles, Books, Watches, Shoes and More - Amazon.in/a_Prime' is present

29-01-2024T23:22:49 - [TEST_STEP][PASSED] - verifyElementPresent(findTestObject("Amazon/TC_Amazon_001_Homepage/Page_Online Shopping site in India Shop Online for Mobiles, Books, Watches, Shoes and More - Amazon.in/a_New Releases"), 0): Object 'Object Repository/Amazon/TC_Amazon_001_Homepage/Page_Online Shopping site in India Shop Online for Mobiles, Books, Watches, Shoes and More - Amazon.in/a_New Releases' is present

29-01-2024T23:22:49 - [MESSAGE][WARNING] - Timeout '0' is invalid. Using default page load timeout: '30'

29-01-2024T23:22:49 - [MESSAGE][PASSED] - Object 'Object Repository/Amazon/TC_Amazon_001_Homepage/Page_Online Shopping site in India Shop Online for Mobiles, Books, Watches, Shoes and More - Amazon.in/a_New Releases' is present

29-01-2024T23:22:49 - [TEST_STEP][PASSED] - verifyElementPresent(findTestObject("Amazon/TC_Amazon_001_Homepage/Page_Online Shopping site in India Shop Online for Mobiles, Books, Watches, Shoes and More - Amazon.in/a_Gift Ideas"), 0): Object 'Object Repository/Amazon/TC_Amazon_001_Homepage/Page_Online Shopping site in India Shop Online for Mobiles, Books, Watches, Shoes and More - Amazon.in/a_Gift Ideas' is present

29-01-2024T23:22:49 - [MESSAGE][WARNING] - Timeout '0' is invalid. Using default page load timeout: '30'

29-01-2024T23:22:50 - [MESSAGE][PASSED] - Object 'Object Repository/Amazon/TC_Amazon_001_Homepage/Page_Online Shopping site in India Shop Online for Mobiles, Books, Watches, Shoes and More - Amazon.in/a_Gift Ideas' is present

29-01-2024T23:22:50 - [TEST_STEP][PASSED] - closeBrowser(): Browser is closed

29-01-2024T23:22:50 - [MESSAGE][PASSED] - Browser is closed]]></system-out>
         <system-err><![CDATA[]]></system-err>
      </testcase>
      <testcase name="Test Cases/Amazon/TC_Amazon_002" time="30.921" classname="Test Cases/Amazon/TC_Amazon_002" status="PASSED">
         <system-out><![CDATA[29-01-2024T23:22:50 - [TEST_CASE][PASSED] - Test Cases/Amazon/TC_Amazon_002: Test Cases/Amazon/TC_Amazon_002

29-01-2024T23:22:50 - [TEST_STEP][PASSED] - openBrowser("www.amazon.in"): Browser is opened with url: 'www.amazon.in'

29-01-2024T23:22:50 - [MESSAGE][INFO] - Starting 'Chrome' driver

29-01-2024T23:22:50 - [MESSAGE][INFO] - Action delay is set to 0 milliseconds

29-01-2024T23:22:52 - [MESSAGE][PASSED] - Browser is opened with url: 'www.amazon.in'

29-01-2024T23:22:52 - [TEST_STEP][PASSED] - maximizeWindow(): Current window maximized

29-01-2024T23:22:52 - [MESSAGE][PASSED] - Current window maximized

29-01-2024T23:22:52 - [TEST_STEP][PASSED] - setText(findTestObject("Amazon/TC_Amazon_002_ItemSearch/Page_Online Shopping site in India Shop Online for Mobiles, Books, Watches, Shoes and More - Amazon.in/input_Search Amazon.in_field-keywords"), items): Text 'echo dot' is set on object 'Object Repository/Amazon/TC_Amazon_002_ItemSearch/Page_Online Shopping site in India Shop Online for Mobiles, Books, Watches, Shoes and More - Amazon.in/input_Search Amazon.in_field-keywords'

29-01-2024T23:23:05 - [MESSAGE][PASSED] - Text 'echo dot' is set on object 'Object Repository/Amazon/TC_Amazon_002_ItemSearch/Page_Online Shopping site in India Shop Online for Mobiles, Books, Watches, Shoes and More - Amazon.in/input_Search Amazon.in_field-keywords'

29-01-2024T23:23:05 - [TEST_STEP][PASSED] - click(findTestObject("Amazon/TC_Amazon_002_ItemSearch/Page_Online Shopping site in India Shop Online for Mobiles, Books, Watches, Shoes and More - Amazon.in/input_Search Amazon.in_nav-search-submit-button")): Object: 'Object Repository/Amazon/TC_Amazon_002_ItemSearch/Page_Online Shopping site in India Shop Online for Mobiles, Books, Watches, Shoes and More - Amazon.in/input_Search Amazon.in_nav-search-submit-button' is clicked on

29-01-2024T23:23:18 - [MESSAGE][PASSED] - Object: 'Object Repository/Amazon/TC_Amazon_002_ItemSearch/Page_Online Shopping site in India Shop Online for Mobiles, Books, Watches, Shoes and More - Amazon.in/input_Search Amazon.in_nav-search-submit-button' is clicked on

29-01-2024T23:23:18 - [TEST_STEP][PASSED] - verifyTextPresent(items, true): Text 'echo dot' is present on page  using regular expression

29-01-2024T23:23:21 - [MESSAGE][PASSED] - Text 'echo dot' is present on page  using regular expression

29-01-2024T23:23:21 - [TEST_STEP][PASSED] - closeBrowser(): Browser is closed

29-01-2024T23:23:21 - [MESSAGE][PASSED] - Browser is closed]]></system-out>
         <system-err><![CDATA[]]></system-err>
      </testcase>
      <testcase name="Test Cases/Amazon/TC_Amazon_003" time="65.953" classname="Test Cases/Amazon/TC_Amazon_003" status="PASSED">
         <system-out><![CDATA[29-01-2024T23:23:21 - [TEST_CASE][PASSED] - Test Cases/Amazon/TC_Amazon_003: Test Cases/Amazon/TC_Amazon_003

29-01-2024T23:23:21 - [TEST_STEP][PASSED] - openBrowser(""): Browser is opened with url: ''

29-01-2024T23:23:21 - [MESSAGE][INFO] - Starting 'Chrome' driver

29-01-2024T23:23:21 - [MESSAGE][INFO] - Action delay is set to 0 milliseconds

29-01-2024T23:23:21 - [MESSAGE][PASSED] - Browser is opened with url: ''

29-01-2024T23:23:21 - [TEST_STEP][PASSED] - maximizeWindow(): Current window maximized

29-01-2024T23:23:21 - [MESSAGE][PASSED] - Current window maximized

29-01-2024T23:23:21 - [TEST_STEP][PASSED] - navigateToUrl("https://www.amazon.in/"): Navigate to 'https://www.amazon.in/' successfully

29-01-2024T23:23:23 - [MESSAGE][PASSED] - Navigate to 'https://www.amazon.in/' successfully

29-01-2024T23:23:23 - [TEST_STEP][PASSED] - setText(findTestObject("Object Repository/Amazon/TC_Amazon_003_FilteredSearch/Page_Online Shopping site in India Shop Onl_10c5f3/input_field-keywords"), "5g smartphone"): Text '5g smartphone' is set on object 'Object Repository/Amazon/TC_Amazon_003_FilteredSearch/Page_Online Shopping site in India Shop Onl_10c5f3/input_field-keywords'

29-01-2024T23:23:41 - [MESSAGE][PASSED] - Text '5g smartphone' is set on object 'Object Repository/Amazon/TC_Amazon_003_FilteredSearch/Page_Online Shopping site in India Shop Onl_10c5f3/input_field-keywords'

29-01-2024T23:23:41 - [TEST_STEP][PASSED] - click(findTestObject("Object Repository/Amazon/TC_Amazon_003_FilteredSearch/Page_Online Shopping site in India Shop Onl_10c5f3/inputnav-search-submit-button")): Object: 'Object Repository/Amazon/TC_Amazon_003_FilteredSearch/Page_Online Shopping site in India Shop Onl_10c5f3/inputnav-search-submit-button' is clicked on

29-01-2024T23:23:45 - [MESSAGE][PASSED] - Object: 'Object Repository/Amazon/TC_Amazon_003_FilteredSearch/Page_Online Shopping site in India Shop Onl_10c5f3/inputnav-search-submit-button' is clicked on

29-01-2024T23:23:45 - [TEST_STEP][PASSED] - rightClick(findTestObject("Object Repository/Amazon/TC_Amazon_003_FilteredSearch/Page_Amazon.in  5g smartphone/span_Redmi 12 5G Moonstone Silver 6GB RAM 1_9b34f3")): Object: 'Object Repository/Amazon/TC_Amazon_003_FilteredSearch/Page_Amazon.in  5g smartphone/span_Redmi 12 5G Moonstone Silver 6GB RAM 1_9b34f3' is right clicked on

29-01-2024T23:23:46 - [MESSAGE][PASSED] - Object: 'Object Repository/Amazon/TC_Amazon_003_FilteredSearch/Page_Amazon.in  5g smartphone/span_Redmi 12 5G Moonstone Silver 6GB RAM 1_9b34f3' is right clicked on

29-01-2024T23:23:46 - [TEST_STEP][PASSED] - click(findTestObject("Object Repository/Amazon/TC_Amazon_003_FilteredSearch/Page_Amazon.in  5g smartphone/span_Samsung")): Object: 'Object Repository/Amazon/TC_Amazon_003_FilteredSearch/Page_Amazon.in  5g smartphone/span_Samsung' is clicked on

29-01-2024T23:23:54 - [MESSAGE][PASSED] - Object: 'Object Repository/Amazon/TC_Amazon_003_FilteredSearch/Page_Amazon.in  5g smartphone/span_Samsung' is clicked on

29-01-2024T23:23:54 - [TEST_STEP][PASSED] - rightClick(findTestObject("Object Repository/Amazon/TC_Amazon_003_FilteredSearch/Page_Amazon.in  5g smartphone/span_Samsung Galaxy S24 Ultra 5G (Titanium _5709df")): Object: 'Object Repository/Amazon/TC_Amazon_003_FilteredSearch/Page_Amazon.in  5g smartphone/span_Samsung Galaxy S24 Ultra 5G (Titanium _5709df' is right clicked on

29-01-2024T23:23:55 - [MESSAGE][PASSED] - Object: 'Object Repository/Amazon/TC_Amazon_003_FilteredSearch/Page_Amazon.in  5g smartphone/span_Samsung Galaxy S24 Ultra 5G (Titanium _5709df' is right clicked on

29-01-2024T23:23:55 - [TEST_STEP][PASSED] - click(findTestObject("Object Repository/Amazon/TC_Amazon_003_FilteredSearch/Page_Amazon.in  5g smartphone/span_Over 20,000")): Object: 'Object Repository/Amazon/TC_Amazon_003_FilteredSearch/Page_Amazon.in  5g smartphone/span_Over 20,000' is clicked on

29-01-2024T23:24:02 - [MESSAGE][PASSED] - Object: 'Object Repository/Amazon/TC_Amazon_003_FilteredSearch/Page_Amazon.in  5g smartphone/span_Over 20,000' is clicked on

29-01-2024T23:24:02 - [TEST_STEP][PASSED] - click(findTestObject("Object Repository/Amazon/TC_Amazon_003_FilteredSearch/Page_Amazon.in  5g smartphone/span_Electronics")): Object: 'Object Repository/Amazon/TC_Amazon_003_FilteredSearch/Page_Amazon.in  5g smartphone/span_Electronics' is clicked on

29-01-2024T23:24:15 - [MESSAGE][PASSED] - Object: 'Object Repository/Amazon/TC_Amazon_003_FilteredSearch/Page_Amazon.in  5g smartphone/span_Electronics' is clicked on

29-01-2024T23:24:15 - [TEST_STEP][PASSED] - click(findTestObject("Object Repository/Amazon/TC_Amazon_003_FilteredSearch/Page_Amazon.in  5g smartphone/i_a-icon a-icon-checkbox")): Object: 'Object Repository/Amazon/TC_Amazon_003_FilteredSearch/Page_Amazon.in  5g smartphone/i_a-icon a-icon-checkbox' is clicked on

29-01-2024T23:24:22 - [MESSAGE][PASSED] - Object: 'Object Repository/Amazon/TC_Amazon_003_FilteredSearch/Page_Amazon.in  5g smartphone/i_a-icon a-icon-checkbox' is clicked on

29-01-2024T23:24:22 - [TEST_STEP][PASSED] - click(findTestObject("Object Repository/Amazon/TC_Amazon_003_FilteredSearch/Page_Amazon.in  5g smartphone/label")): Object: 'Object Repository/Amazon/TC_Amazon_003_FilteredSearch/Page_Amazon.in  5g smartphone/label' is clicked on

29-01-2024T23:24:23 - [MESSAGE][PASSED] - Object: 'Object Repository/Amazon/TC_Amazon_003_FilteredSearch/Page_Amazon.in  5g smartphone/label' is clicked on

29-01-2024T23:24:23 - [TEST_STEP][PASSED] - rightClick(findTestObject("Object Repository/Amazon/TC_Amazon_003_FilteredSearch/Page_Amazon.in 5g Smartphone - Over 20,000 _ab46dd/span_OnePlus Nord CE 3 5G (Aqua Surge, 12GB_9fd44c")): Object: 'Object Repository/Amazon/TC_Amazon_003_FilteredSearch/Page_Amazon.in 5g Smartphone - Over 20,000 _ab46dd/span_OnePlus Nord CE 3 5G (Aqua Surge, 12GB_9fd44c' is right clicked on

29-01-2024T23:24:25 - [MESSAGE][PASSED] - Object: 'Object Repository/Amazon/TC_Amazon_003_FilteredSearch/Page_Amazon.in 5g Smartphone - Over 20,000 _ab46dd/span_OnePlus Nord CE 3 5G (Aqua Surge, 12GB_9fd44c' is right clicked on

29-01-2024T23:24:25 - [TEST_STEP][PASSED] - click(findTestObject("Object Repository/Amazon/TC_Amazon_003_FilteredSearch/Page_Amazon.in 5g Smartphone - Over 20,000 _ab46dd/div_SEARCH_DC_ASSETS_633895C,SEARCH_ATC_EXP_62a49c")): Object: 'Object Repository/Amazon/TC_Amazon_003_FilteredSearch/Page_Amazon.in 5g Smartphone - Over 20,000 _ab46dd/div_SEARCH_DC_ASSETS_633895C,SEARCH_ATC_EXP_62a49c' is clicked on

29-01-2024T23:24:25 - [MESSAGE][PASSED] - Object: 'Object Repository/Amazon/TC_Amazon_003_FilteredSearch/Page_Amazon.in 5g Smartphone - Over 20,000 _ab46dd/div_SEARCH_DC_ASSETS_633895C,SEARCH_ATC_EXP_62a49c' is clicked on

29-01-2024T23:24:25 - [TEST_STEP][PASSED] - click(findTestObject("Object Repository/Amazon/TC_Amazon_003_FilteredSearch/Page_Amazon.in 5g Smartphone - Over 20,000 _ab46dd/i_4 Stars  Up")): Object: 'Object Repository/Amazon/TC_Amazon_003_FilteredSearch/Page_Amazon.in 5g Smartphone - Over 20,000 _ab46dd/i_4 Stars  Up' is clicked on

29-01-2024T23:24:26 - [MESSAGE][PASSED] - Object: 'Object Repository/Amazon/TC_Amazon_003_FilteredSearch/Page_Amazon.in 5g Smartphone - Over 20,000 _ab46dd/i_4 Stars  Up' is clicked on

29-01-2024T23:24:26 - [TEST_STEP][PASSED] - rightClick(findTestObject("Object Repository/Amazon/TC_Amazon_003_FilteredSearch/Page_Amazon.in 5g Smartphone - Over 20,000 _11e26c/i_4.1 out of 5 stars")): Object: 'Object Repository/Amazon/TC_Amazon_003_FilteredSearch/Page_Amazon.in 5g Smartphone - Over 20,000 _11e26c/i_4.1 out of 5 stars' is right clicked on

29-01-2024T23:24:26 - [MESSAGE][PASSED] - Object: 'Object Repository/Amazon/TC_Amazon_003_FilteredSearch/Page_Amazon.in 5g Smartphone - Over 20,000 _11e26c/i_4.1 out of 5 stars' is right clicked on

29-01-2024T23:24:26 - [TEST_STEP][PASSED] - click(findTestObject("Object Repository/Amazon/TC_Amazon_003_FilteredSearch/Page_Amazon.in 5g Smartphone - Over 20,000 _11e26c/div_Check each product page for other buyin_faa9a5")): Object: 'Object Repository/Amazon/TC_Amazon_003_FilteredSearch/Page_Amazon.in 5g Smartphone - Over 20,000 _11e26c/div_Check each product page for other buyin_faa9a5' is clicked on

29-01-2024T23:24:26 - [MESSAGE][PASSED] - Object: 'Object Repository/Amazon/TC_Amazon_003_FilteredSearch/Page_Amazon.in 5g Smartphone - Over 20,000 _11e26c/div_Check each product page for other buyin_faa9a5' is clicked on

29-01-2024T23:24:26 - [TEST_STEP][PASSED] - closeBrowser(): Browser is closed

29-01-2024T23:24:27 - [MESSAGE][PASSED] - Browser is closed]]></system-out>
         <system-err><![CDATA[]]></system-err>
      </testcase>
      <testcase name="Test Cases/Amazon/TC_Amazon_004" time="25.455" classname="Test Cases/Amazon/TC_Amazon_004" status="PASSED">
         <system-out><![CDATA[29-01-2024T23:24:27 - [TEST_CASE][PASSED] - Test Cases/Amazon/TC_Amazon_004: Test Cases/Amazon/TC_Amazon_004

29-01-2024T23:24:27 - [TEST_STEP][PASSED] - openBrowser(""): Browser is opened with url: ''

29-01-2024T23:24:27 - [MESSAGE][INFO] - Starting 'Chrome' driver

29-01-2024T23:24:27 - [MESSAGE][INFO] - Action delay is set to 0 milliseconds

29-01-2024T23:24:27 - [MESSAGE][PASSED] - Browser is opened with url: ''

29-01-2024T23:24:27 - [TEST_STEP][PASSED] - maximizeWindow(): Current window maximized

29-01-2024T23:24:27 - [MESSAGE][PASSED] - Current window maximized

29-01-2024T23:24:27 - [TEST_STEP][PASSED] - navigateToUrl("https://www.amazon.in/"): Navigate to 'https://www.amazon.in/' successfully

29-01-2024T23:24:29 - [MESSAGE][PASSED] - Navigate to 'https://www.amazon.in/' successfully

29-01-2024T23:24:29 - [TEST_STEP][PASSED] - setText(findTestObject("Object Repository/Amazon/TC_Amazon_004_SortedSearch/Page_Online Shopping site in India Shop Onl_10c5f3/input_field-keywords"), "4k tv"): Text '4k tv' is set on object 'Object Repository/Amazon/TC_Amazon_004_SortedSearch/Page_Online Shopping site in India Shop Onl_10c5f3/input_field-keywords'

29-01-2024T23:24:30 - [MESSAGE][PASSED] - Text '4k tv' is set on object 'Object Repository/Amazon/TC_Amazon_004_SortedSearch/Page_Online Shopping site in India Shop Onl_10c5f3/input_field-keywords'

29-01-2024T23:24:30 - [TEST_STEP][PASSED] - click(findTestObject("Amazon/TC_Amazon_002_ItemSearch/Page_Online Shopping site in India Shop Online for Mobiles, Books, Watches, Shoes and More - Amazon.in/input_Search Amazon.in_nav-search-submit-button")): Object: 'Object Repository/Amazon/TC_Amazon_002_ItemSearch/Page_Online Shopping site in India Shop Online for Mobiles, Books, Watches, Shoes and More - Amazon.in/input_Search Amazon.in_nav-search-submit-button' is clicked on

29-01-2024T23:24:37 - [MESSAGE][PASSED] - Object: 'Object Repository/Amazon/TC_Amazon_002_ItemSearch/Page_Online Shopping site in India Shop Online for Mobiles, Books, Watches, Shoes and More - Amazon.in/input_Search Amazon.in_nav-search-submit-button' is clicked on

29-01-2024T23:24:37 - [TEST_STEP][PASSED] - verifyElementPresent(findTestObject("Object Repository/Amazon/TC_Amazon_004_SortedSearch/Page_Amazon.in  4k tv/span_108 cm (43 inches) Y Series 4K Ultra H_c3a727"), 0): Object 'Object Repository/Amazon/TC_Amazon_004_SortedSearch/Page_Amazon.in  4k tv/span_108 cm (43 inches) Y Series 4K Ultra H_c3a727' is present

29-01-2024T23:24:37 - [MESSAGE][WARNING] - Timeout '0' is invalid. Using default page load timeout: '30'

29-01-2024T23:24:37 - [MESSAGE][PASSED] - Object 'Object Repository/Amazon/TC_Amazon_004_SortedSearch/Page_Amazon.in  4k tv/span_108 cm (43 inches) Y Series 4K Ultra H_c3a727' is present

29-01-2024T23:24:37 - [TEST_STEP][PASSED] - click(findTestObject("Object Repository/Amazon/TC_Amazon_004_SortedSearch/Page_Amazon.in  4k tv/span_Sort byFeatured_1")): Object: 'Object Repository/Amazon/TC_Amazon_004_SortedSearch/Page_Amazon.in  4k tv/span_Sort byFeatured_1' is clicked on

29-01-2024T23:24:38 - [MESSAGE][PASSED] - Object: 'Object Repository/Amazon/TC_Amazon_004_SortedSearch/Page_Amazon.in  4k tv/span_Sort byFeatured_1' is clicked on

29-01-2024T23:24:38 - [TEST_STEP][PASSED] - verifyElementPresent(findTestObject("Object Repository/Amazon/TC_Amazon_004_SortedSearch/Page_Amazon.in  4k tv/a_Price Low to High"), 0): Object 'Object Repository/Amazon/TC_Amazon_004_SortedSearch/Page_Amazon.in  4k tv/a_Price Low to High' is present

29-01-2024T23:24:38 - [MESSAGE][WARNING] - Timeout '0' is invalid. Using default page load timeout: '30'

29-01-2024T23:24:39 - [MESSAGE][PASSED] - Object 'Object Repository/Amazon/TC_Amazon_004_SortedSearch/Page_Amazon.in  4k tv/a_Price Low to High' is present

29-01-2024T23:24:39 - [TEST_STEP][PASSED] - click(findTestObject("Object Repository/Amazon/TC_Amazon_004_SortedSearch/Page_Amazon.in  4k tv/a_Price Low to High")): Object: 'Object Repository/Amazon/TC_Amazon_004_SortedSearch/Page_Amazon.in  4k tv/a_Price Low to High' is clicked on

29-01-2024T23:24:39 - [MESSAGE][PASSED] - Object: 'Object Repository/Amazon/TC_Amazon_004_SortedSearch/Page_Amazon.in  4k tv/a_Price Low to High' is clicked on

29-01-2024T23:24:39 - [TEST_STEP][PASSED] - verifyElementPresent(findTestObject("Object Repository/Amazon/TC_Amazon_004_SortedSearch/Page_Amazon.in 4k Tv/span_108 cm (43 inches) 4K Ultra HD Smart L_adcb75"), 0): Object 'Object Repository/Amazon/TC_Amazon_004_SortedSearch/Page_Amazon.in 4k Tv/span_108 cm (43 inches) 4K Ultra HD Smart L_adcb75' is present

29-01-2024T23:24:39 - [MESSAGE][WARNING] - Timeout '0' is invalid. Using default page load timeout: '30'

29-01-2024T23:24:41 - [MESSAGE][PASSED] - Object 'Object Repository/Amazon/TC_Amazon_004_SortedSearch/Page_Amazon.in 4k Tv/span_108 cm (43 inches) 4K Ultra HD Smart L_adcb75' is present

29-01-2024T23:24:41 - [TEST_STEP][PASSED] - click(findTestObject("Object Repository/Amazon/TC_Amazon_004_SortedSearch/Page_Amazon.in 4k Tv/span_Price Low to High")): Object: 'Object Repository/Amazon/TC_Amazon_004_SortedSearch/Page_Amazon.in 4k Tv/span_Price Low to High' is clicked on

29-01-2024T23:24:41 - [MESSAGE][PASSED] - Object: 'Object Repository/Amazon/TC_Amazon_004_SortedSearch/Page_Amazon.in 4k Tv/span_Price Low to High' is clicked on

29-01-2024T23:24:41 - [TEST_STEP][PASSED] - click(findTestObject("Object Repository/Amazon/TC_Amazon_004_SortedSearch/Page_Amazon.in 4k Tv/a_Price High to Low")): Object: 'Object Repository/Amazon/TC_Amazon_004_SortedSearch/Page_Amazon.in 4k Tv/a_Price High to Low' is clicked on

29-01-2024T23:24:42 - [MESSAGE][PASSED] - Object: 'Object Repository/Amazon/TC_Amazon_004_SortedSearch/Page_Amazon.in 4k Tv/a_Price High to Low' is clicked on

29-01-2024T23:24:42 - [TEST_STEP][PASSED] - click(findTestObject("Object Repository/Amazon/TC_Amazon_004_SortedSearch/Page_Amazon.in 4k Tv/span_Price High to Low")): Object: 'Object Repository/Amazon/TC_Amazon_004_SortedSearch/Page_Amazon.in 4k Tv/span_Price High to Low' is clicked on

29-01-2024T23:24:44 - [MESSAGE][PASSED] - Object: 'Object Repository/Amazon/TC_Amazon_004_SortedSearch/Page_Amazon.in 4k Tv/span_Price High to Low' is clicked on

29-01-2024T23:24:44 - [TEST_STEP][PASSED] - click(findTestObject("Object Repository/Amazon/TC_Amazon_004_SortedSearch/Page_Amazon.in 4k Tv/a_Avg. Customer Review")): Object: 'Object Repository/Amazon/TC_Amazon_004_SortedSearch/Page_Amazon.in 4k Tv/a_Avg. Customer Review' is clicked on

29-01-2024T23:24:46 - [MESSAGE][PASSED] - Object: 'Object Repository/Amazon/TC_Amazon_004_SortedSearch/Page_Amazon.in 4k Tv/a_Avg. Customer Review' is clicked on

29-01-2024T23:24:46 - [TEST_STEP][PASSED] - click(findTestObject("Object Repository/Amazon/TC_Amazon_004_SortedSearch/Page_Amazon.in 4k Tv/span_Avg. Customer Review")): Object: 'Object Repository/Amazon/TC_Amazon_004_SortedSearch/Page_Amazon.in 4k Tv/span_Avg. Customer Review' is clicked on

29-01-2024T23:24:47 - [MESSAGE][PASSED] - Object: 'Object Repository/Amazon/TC_Amazon_004_SortedSearch/Page_Amazon.in 4k Tv/span_Avg. Customer Review' is clicked on

29-01-2024T23:24:47 - [TEST_STEP][PASSED] - click(findTestObject("Object Repository/Amazon/TC_Amazon_004_SortedSearch/Page_Amazon.in 4k Tv/a_Newest Arrivals")): Object: 'Object Repository/Amazon/TC_Amazon_004_SortedSearch/Page_Amazon.in 4k Tv/a_Newest Arrivals' is clicked on

29-01-2024T23:24:48 - [MESSAGE][PASSED] - Object: 'Object Repository/Amazon/TC_Amazon_004_SortedSearch/Page_Amazon.in 4k Tv/a_Newest Arrivals' is clicked on

29-01-2024T23:24:48 - [TEST_STEP][PASSED] - click(findTestObject("Object Repository/Amazon/TC_Amazon_004_SortedSearch/Page_Amazon.in 4k Tv/span_Newest Arrivals")): Object: 'Object Repository/Amazon/TC_Amazon_004_SortedSearch/Page_Amazon.in 4k Tv/span_Newest Arrivals' is clicked on

29-01-2024T23:24:50 - [MESSAGE][PASSED] - Object: 'Object Repository/Amazon/TC_Amazon_004_SortedSearch/Page_Amazon.in 4k Tv/span_Newest Arrivals' is clicked on

29-01-2024T23:24:50 - [TEST_STEP][PASSED] - click(findTestObject("Object Repository/Amazon/TC_Amazon_004_SortedSearch/Page_Amazon.in 4k Tv/a_Featured")): Object: 'Object Repository/Amazon/TC_Amazon_004_SortedSearch/Page_Amazon.in 4k Tv/a_Featured' is clicked on

29-01-2024T23:24:50 - [MESSAGE][PASSED] - Object: 'Object Repository/Amazon/TC_Amazon_004_SortedSearch/Page_Amazon.in 4k Tv/a_Featured' is clicked on

29-01-2024T23:24:50 - [TEST_STEP][PASSED] - rightClick(findTestObject("Object Repository/Amazon/TC_Amazon_004_SortedSearch/Page_Amazon.in 4k Tv/span_108 cm (43 inches) Y Series 4K Ultra H_c3a727")): Object: 'Object Repository/Amazon/TC_Amazon_004_SortedSearch/Page_Amazon.in 4k Tv/span_108 cm (43 inches) Y Series 4K Ultra H_c3a727' is right clicked on

29-01-2024T23:24:52 - [MESSAGE][PASSED] - Object: 'Object Repository/Amazon/TC_Amazon_004_SortedSearch/Page_Amazon.in 4k Tv/span_108 cm (43 inches) Y Series 4K Ultra H_c3a727' is right clicked on

29-01-2024T23:24:52 - [TEST_STEP][PASSED] - closeBrowser(): Browser is closed

29-01-2024T23:24:52 - [MESSAGE][PASSED] - Browser is closed]]></system-out>
         <system-err><![CDATA[]]></system-err>
      </testcase>
      <testcase name="Test Cases/Amazon/TC_Amazon_005" time="12.027" classname="Test Cases/Amazon/TC_Amazon_005" status="PASSED">
         <system-out><![CDATA[29-01-2024T23:24:52 - [TEST_CASE][PASSED] - Test Cases/Amazon/TC_Amazon_005: Test Cases/Amazon/TC_Amazon_005

29-01-2024T23:24:52 - [TEST_STEP][PASSED] - openBrowser(""): Browser is opened with url: ''

29-01-2024T23:24:52 - [MESSAGE][INFO] - Starting 'Chrome' driver

29-01-2024T23:24:52 - [MESSAGE][INFO] - Action delay is set to 0 milliseconds

29-01-2024T23:24:53 - [MESSAGE][PASSED] - Browser is opened with url: ''

29-01-2024T23:24:53 - [TEST_STEP][PASSED] - maximizeWindow(): Current window maximized

29-01-2024T23:24:53 - [MESSAGE][PASSED] - Current window maximized

29-01-2024T23:24:53 - [TEST_STEP][PASSED] - navigateToUrl("https://www.amazon.in/"): Navigate to 'https://www.amazon.in/' successfully

29-01-2024T23:24:55 - [MESSAGE][PASSED] - Navigate to 'https://www.amazon.in/' successfully

29-01-2024T23:24:55 - [TEST_STEP][PASSED] - verifyElementPresent(findTestObject("Object Repository/Amazon/TC_Amazon_005_SignUp/Page_Online Shopping site in India Shop Onl_10c5f3/a_Hello, sign in  Account  Lists"), 0): Object 'Object Repository/Amazon/TC_Amazon_005_SignUp/Page_Online Shopping site in India Shop Onl_10c5f3/a_Hello, sign in  Account  Lists' is present

29-01-2024T23:24:55 - [MESSAGE][WARNING] - Timeout '0' is invalid. Using default page load timeout: '30'

29-01-2024T23:24:56 - [MESSAGE][PASSED] - Object 'Object Repository/Amazon/TC_Amazon_005_SignUp/Page_Online Shopping site in India Shop Onl_10c5f3/a_Hello, sign in  Account  Lists' is present

29-01-2024T23:24:56 - [TEST_STEP][PASSED] - click(findTestObject("Object Repository/Amazon/TC_Amazon_005_SignUp/Page_Online Shopping site in India Shop Onl_10c5f3/a_Hello, sign in  Account  Lists")): Object: 'Object Repository/Amazon/TC_Amazon_005_SignUp/Page_Online Shopping site in India Shop Onl_10c5f3/a_Hello, sign in  Account  Lists' is clicked on

29-01-2024T23:24:57 - [MESSAGE][PASSED] - Object: 'Object Repository/Amazon/TC_Amazon_005_SignUp/Page_Online Shopping site in India Shop Onl_10c5f3/a_Hello, sign in  Account  Lists' is clicked on

29-01-2024T23:24:57 - [TEST_STEP][PASSED] - verifyElementPresent(findTestObject("Object Repository/Amazon/TC_Amazon_005_SignUp/Page_Amazon Sign In/a_Create your Amazon account"), 0): Object 'Object Repository/Amazon/TC_Amazon_005_SignUp/Page_Amazon Sign In/a_Create your Amazon account' is present

29-01-2024T23:24:57 - [MESSAGE][WARNING] - Timeout '0' is invalid. Using default page load timeout: '30'

29-01-2024T23:24:58 - [MESSAGE][PASSED] - Object 'Object Repository/Amazon/TC_Amazon_005_SignUp/Page_Amazon Sign In/a_Create your Amazon account' is present

29-01-2024T23:24:58 - [TEST_STEP][PASSED] - click(findTestObject("Object Repository/Amazon/TC_Amazon_005_SignUp/Page_Amazon Sign In/a_Create your Amazon account")): Object: 'Object Repository/Amazon/TC_Amazon_005_SignUp/Page_Amazon Sign In/a_Create your Amazon account' is clicked on

29-01-2024T23:24:59 - [MESSAGE][PASSED] - Object: 'Object Repository/Amazon/TC_Amazon_005_SignUp/Page_Amazon Sign In/a_Create your Amazon account' is clicked on

29-01-2024T23:24:59 - [TEST_STEP][PASSED] - verifyElementPresent(findTestObject("Object Repository/Amazon/TC_Amazon_005_SignUp/Page_Amazon Registration/h1_Create Account"), 0): Object 'Object Repository/Amazon/TC_Amazon_005_SignUp/Page_Amazon Registration/h1_Create Account' is present

29-01-2024T23:24:59 - [MESSAGE][WARNING] - Timeout '0' is invalid. Using default page load timeout: '30'

29-01-2024T23:25:00 - [MESSAGE][PASSED] - Object 'Object Repository/Amazon/TC_Amazon_005_SignUp/Page_Amazon Registration/h1_Create Account' is present

29-01-2024T23:25:00 - [TEST_STEP][PASSED] - setText(findTestObject("Object Repository/Amazon/TC_Amazon_005_SignUp/Page_Amazon Registration/input_customerName"), "Vladimir Putin"): Text 'Vladimir Putin' is set on object 'Object Repository/Amazon/TC_Amazon_005_SignUp/Page_Amazon Registration/input_customerName'

29-01-2024T23:25:01 - [MESSAGE][PASSED] - Text 'Vladimir Putin' is set on object 'Object Repository/Amazon/TC_Amazon_005_SignUp/Page_Amazon Registration/input_customerName'

29-01-2024T23:25:01 - [TEST_STEP][PASSED] - setText(findTestObject("Object Repository/Amazon/TC_Amazon_005_SignUp/Page_Amazon Registration/input_email"), "9876543210"): Text '9876543210' is set on object 'Object Repository/Amazon/TC_Amazon_005_SignUp/Page_Amazon Registration/input_email'

29-01-2024T23:25:01 - [MESSAGE][PASSED] - Text '9876543210' is set on object 'Object Repository/Amazon/TC_Amazon_005_SignUp/Page_Amazon Registration/input_email'

29-01-2024T23:25:01 - [TEST_STEP][PASSED] - setText(findTestObject("Object Repository/Amazon/TC_Amazon_005_SignUp/Page_Amazon Registration/input_secondaryLoginClaim"), "VladimirPutin@gmail.com"): Text 'VladimirPutin@gmail.com' is set on object 'Object Repository/Amazon/TC_Amazon_005_SignUp/Page_Amazon Registration/input_secondaryLoginClaim'

29-01-2024T23:25:02 - [MESSAGE][PASSED] - Text 'VladimirPutin@gmail.com' is set on object 'Object Repository/Amazon/TC_Amazon_005_SignUp/Page_Amazon Registration/input_secondaryLoginClaim'

29-01-2024T23:25:02 - [TEST_STEP][PASSED] - setEncryptedText(findTestObject("Object Repository/Amazon/TC_Amazon_005_SignUp/Page_Amazon Registration/input_password"), "/iU0mF259Yuz6GJQpt5TBA=="): Text ****** has been set on object 'Object Repository/Amazon/TC_Amazon_005_SignUp/Page_Amazon Registration/input_password'

29-01-2024T23:25:02 - [MESSAGE][PASSED] - Text ****** has been set on object 'Object Repository/Amazon/TC_Amazon_005_SignUp/Page_Amazon Registration/input_password'

29-01-2024T23:25:02 - [TEST_STEP][PASSED] - verifyElementPresent(findTestObject("Object Repository/Amazon/TC_Amazon_005_SignUp/Page_Amazon Registration/div_Please Enable Cookies to Continue      _3a9ca0"), 0): Object 'Object Repository/Amazon/TC_Amazon_005_SignUp/Page_Amazon Registration/div_Please Enable Cookies to Continue      _3a9ca0' is present

29-01-2024T23:25:02 - [MESSAGE][WARNING] - Timeout '0' is invalid. Using default page load timeout: '30'

29-01-2024T23:25:03 - [MESSAGE][PASSED] - Object 'Object Repository/Amazon/TC_Amazon_005_SignUp/Page_Amazon Registration/div_Please Enable Cookies to Continue      _3a9ca0' is present

29-01-2024T23:25:03 - [TEST_STEP][PASSED] - click(findTestObject("Object Repository/Amazon/TC_Amazon_005_SignUp/Page_Amazon Registration/inputcontinue")): Object: 'Object Repository/Amazon/TC_Amazon_005_SignUp/Page_Amazon Registration/inputcontinue' is clicked on

29-01-2024T23:25:04 - [MESSAGE][PASSED] - Object: 'Object Repository/Amazon/TC_Amazon_005_SignUp/Page_Amazon Registration/inputcontinue' is clicked on

29-01-2024T23:25:04 - [TEST_STEP][PASSED] - closeBrowser(): Browser is closed

29-01-2024T23:25:04 - [MESSAGE][PASSED] - Browser is closed]]></system-out>
         <system-err><![CDATA[]]></system-err>
      </testcase>
      <testcase name="Test Cases/Amazon/TC_Amazon_006" time="10.649" classname="Test Cases/Amazon/TC_Amazon_006" status="PASSED">
         <system-out><![CDATA[29-01-2024T23:25:29 - [TEST_CASE][PASSED] - Test Cases/Amazon/TC_Amazon_006: Test Cases/Amazon/TC_Amazon_006

29-01-2024T23:25:29 - [TEST_STEP][PASSED] - openBrowser(""): Browser is opened with url: ''

29-01-2024T23:25:29 - [MESSAGE][WARNING] - A browser is already opened. Closing browser and opening a new one

29-01-2024T23:25:29 - [MESSAGE][INFO] - Starting 'Chrome' driver

29-01-2024T23:25:29 - [MESSAGE][INFO] - Action delay is set to 0 milliseconds

29-01-2024T23:25:30 - [MESSAGE][PASSED] - Browser is opened with url: ''

29-01-2024T23:25:30 - [TEST_STEP][PASSED] - maximizeWindow(): Current window maximized

29-01-2024T23:25:30 - [MESSAGE][PASSED] - Current window maximized

29-01-2024T23:25:30 - [TEST_STEP][PASSED] - navigateToUrl("https://www.amazon.in/"): Navigate to 'https://www.amazon.in/' successfully

29-01-2024T23:25:32 - [MESSAGE][PASSED] - Navigate to 'https://www.amazon.in/' successfully

29-01-2024T23:25:32 - [TEST_STEP][PASSED] - maximizeWindow(): Current window maximized

29-01-2024T23:25:32 - [MESSAGE][PASSED] - Current window maximized

29-01-2024T23:25:32 - [TEST_STEP][PASSED] - verifyElementPresent(findTestObject("Object Repository/Amazon/TC_Amazon_006_SignIn/Page_Online Shopping site in India Shop Onl_10c5f3/a_Hello, sign in  Account  Lists"), 0): Object 'Object Repository/Amazon/TC_Amazon_006_SignIn/Page_Online Shopping site in India Shop Onl_10c5f3/a_Hello, sign in  Account  Lists' is present

29-01-2024T23:25:32 - [MESSAGE][WARNING] - Timeout '0' is invalid. Using default page load timeout: '30'

29-01-2024T23:25:32 - [MESSAGE][PASSED] - Object 'Object Repository/Amazon/TC_Amazon_006_SignIn/Page_Online Shopping site in India Shop Onl_10c5f3/a_Hello, sign in  Account  Lists' is present

29-01-2024T23:25:32 - [TEST_STEP][PASSED] - verifyElementText(findTestObject("Object Repository/Amazon/TC_Amazon_006_SignIn/Page_Online Shopping site in India Shop Onl_10c5f3/span_Hello, sign in"), "Hello, sign in"): Actual text and expected text of test object 'Object Repository/Amazon/TC_Amazon_006_SignIn/Page_Online Shopping site in India Shop Onl_10c5f3/span_Hello, sign in' are matched.

29-01-2024T23:25:33 - [MESSAGE][PASSED] - Actual text and expected text of test object 'Object Repository/Amazon/TC_Amazon_006_SignIn/Page_Online Shopping site in India Shop Onl_10c5f3/span_Hello, sign in' are matched.

29-01-2024T23:25:33 - [TEST_STEP][PASSED] - click(findTestObject("Object Repository/Amazon/TC_Amazon_006_SignIn/Page_Online Shopping site in India Shop Onl_10c5f3/a_Hello, sign in  Account  Lists"), STOP_ON_FAILURE): Object: 'Object Repository/Amazon/TC_Amazon_006_SignIn/Page_Online Shopping site in India Shop Onl_10c5f3/a_Hello, sign in  Account  Lists' is clicked on

29-01-2024T23:25:34 - [MESSAGE][PASSED] - Object: 'Object Repository/Amazon/TC_Amazon_006_SignIn/Page_Online Shopping site in India Shop Onl_10c5f3/a_Hello, sign in  Account  Lists' is clicked on

29-01-2024T23:25:34 - [TEST_STEP][PASSED] - setText(findTestObject("Object Repository/Amazon/TC_Amazon_006_SignIn/Page_Amazon Sign In/input_email"), "nizamuddin1603@gmail.com"): Text 'nizamuddin1603@gmail.com' is set on object 'Object Repository/Amazon/TC_Amazon_006_SignIn/Page_Amazon Sign In/input_email'

29-01-2024T23:25:35 - [MESSAGE][PASSED] - Text 'nizamuddin1603@gmail.com' is set on object 'Object Repository/Amazon/TC_Amazon_006_SignIn/Page_Amazon Sign In/input_email'

29-01-2024T23:25:35 - [TEST_STEP][PASSED] - click(findTestObject("Object Repository/Amazon/TC_Amazon_006_SignIn/Page_Amazon Sign In/inputcontinue")): Object: 'Object Repository/Amazon/TC_Amazon_006_SignIn/Page_Amazon Sign In/inputcontinue' is clicked on

29-01-2024T23:25:36 - [MESSAGE][PASSED] - Object: 'Object Repository/Amazon/TC_Amazon_006_SignIn/Page_Amazon Sign In/inputcontinue' is clicked on

29-01-2024T23:25:36 - [TEST_STEP][PASSED] - setEncryptedText(findTestObject("Object Repository/Amazon/TC_Amazon_006_SignIn/Page_Amazon Sign In/input_password"), "vXA07Bf7CSootDbf/pTjag=="): Text ****** has been set on object 'Object Repository/Amazon/TC_Amazon_006_SignIn/Page_Amazon Sign In/input_password'

29-01-2024T23:25:37 - [MESSAGE][PASSED] - Text ****** has been set on object 'Object Repository/Amazon/TC_Amazon_006_SignIn/Page_Amazon Sign In/input_password'

29-01-2024T23:25:37 - [TEST_STEP][PASSED] - click(findTestObject("Object Repository/Amazon/TC_Amazon_006_SignIn/Page_Amazon Sign In/inputsignInSubmit")): Object: 'Object Repository/Amazon/TC_Amazon_006_SignIn/Page_Amazon Sign In/inputsignInSubmit' is clicked on

29-01-2024T23:25:37 - [MESSAGE][PASSED] - Object: 'Object Repository/Amazon/TC_Amazon_006_SignIn/Page_Amazon Sign In/inputsignInSubmit' is clicked on

29-01-2024T23:25:37 - [TEST_STEP][PASSED] - verifyElementPresent(findTestObject("Object Repository/Amazon/TC_Amazon_006_SignIn/Page_Amazon Sign In/div_There was a problem                    _7a87af"), 0): Object 'Object Repository/Amazon/TC_Amazon_006_SignIn/Page_Amazon Sign In/div_There was a problem                    _7a87af' is present

29-01-2024T23:25:37 - [MESSAGE][WARNING] - Timeout '0' is invalid. Using default page load timeout: '30'

29-01-2024T23:25:40 - [MESSAGE][PASSED] - Object 'Object Repository/Amazon/TC_Amazon_006_SignIn/Page_Amazon Sign In/div_There was a problem                    _7a87af' is present

29-01-2024T23:25:40 - [TEST_STEP][PASSED] - closeBrowser(): Browser is closed

29-01-2024T23:25:40 - [MESSAGE][PASSED] - Browser is closed]]></system-out>
         <system-err><![CDATA[]]></system-err>
      </testcase>
      <testcase name="Test Cases/Amazon/TC_Amazon_007" time="14.941" classname="Test Cases/Amazon/TC_Amazon_007" status="PASSED">
         <system-out><![CDATA[29-01-2024T23:25:40 - [TEST_CASE][PASSED] - Test Cases/Amazon/TC_Amazon_007: Test Cases/Amazon/TC_Amazon_007

29-01-2024T23:25:40 - [TEST_STEP][PASSED] - openBrowser(""): Browser is opened with url: ''

29-01-2024T23:25:40 - [MESSAGE][INFO] - Starting 'Chrome' driver

29-01-2024T23:25:40 - [MESSAGE][INFO] - Action delay is set to 0 milliseconds

29-01-2024T23:25:40 - [MESSAGE][PASSED] - Browser is opened with url: ''

29-01-2024T23:25:40 - [TEST_STEP][PASSED] - maximizeWindow(): Current window maximized

29-01-2024T23:25:40 - [MESSAGE][PASSED] - Current window maximized

29-01-2024T23:25:40 - [TEST_STEP][PASSED] - navigateToUrl("https://www.amazon.in/"): Navigate to 'https://www.amazon.in/' successfully

29-01-2024T23:25:42 - [MESSAGE][PASSED] - Navigate to 'https://www.amazon.in/' successfully

29-01-2024T23:25:42 - [TEST_STEP][PASSED] - click(findTestObject("Object Repository/Amazon/TC_Amazon_007_CustomerSupport/Page_Online Shopping site in India Shop Onl_10c5f3/i_hm-icon nav-sprite")): Object: 'Object Repository/Amazon/TC_Amazon_007_CustomerSupport/Page_Online Shopping site in India Shop Onl_10c5f3/i_hm-icon nav-sprite' is clicked on

29-01-2024T23:25:43 - [MESSAGE][PASSED] - Object: 'Object Repository/Amazon/TC_Amazon_007_CustomerSupport/Page_Online Shopping site in India Shop Onl_10c5f3/i_hm-icon nav-sprite' is clicked on

29-01-2024T23:25:43 - [TEST_STEP][PASSED] - click(findTestObject("Object Repository/Amazon/TC_Amazon_007_CustomerSupport/Page_Online Shopping site in India Shop Onl_10c5f3/a_Customer Service")): Object: 'Object Repository/Amazon/TC_Amazon_007_CustomerSupport/Page_Online Shopping site in India Shop Onl_10c5f3/a_Customer Service' is clicked on

29-01-2024T23:25:46 - [MESSAGE][PASSED] - Object: 'Object Repository/Amazon/TC_Amazon_007_CustomerSupport/Page_Online Shopping site in India Shop Onl_10c5f3/a_Customer Service' is clicked on

29-01-2024T23:25:46 - [TEST_STEP][PASSED] - click(findTestObject("Object Repository/Amazon/TC_Amazon_007_CustomerSupport/Page_Help - Amazon Customer Service/a_Help")): Object: 'Object Repository/Amazon/TC_Amazon_007_CustomerSupport/Page_Help - Amazon Customer Service/a_Help' is clicked on

29-01-2024T23:25:52 - [MESSAGE][PASSED] - Object: 'Object Repository/Amazon/TC_Amazon_007_CustomerSupport/Page_Help - Amazon Customer Service/a_Help' is clicked on

29-01-2024T23:25:52 - [TEST_STEP][PASSED] - verifyElementPresent(findTestObject("Object Repository/Amazon/TC_Amazon_007_CustomerSupport/Page_Help - Amazon Customer Service/a_Customer Service"), 0): Object 'Object Repository/Amazon/TC_Amazon_007_CustomerSupport/Page_Help - Amazon Customer Service/a_Customer Service' is present

29-01-2024T23:25:52 - [MESSAGE][WARNING] - Timeout '0' is invalid. Using default page load timeout: '30'

29-01-2024T23:25:53 - [MESSAGE][PASSED] - Object 'Object Repository/Amazon/TC_Amazon_007_CustomerSupport/Page_Help - Amazon Customer Service/a_Customer Service' is present

29-01-2024T23:25:53 - [TEST_STEP][PASSED] - click(findTestObject("Object Repository/Amazon/TC_Amazon_007_CustomerSupport/Page_Help - Amazon Customer Service/a_Customer Service")): Object: 'Object Repository/Amazon/TC_Amazon_007_CustomerSupport/Page_Help - Amazon Customer Service/a_Customer Service' is clicked on

29-01-2024T23:25:53 - [MESSAGE][PASSED] - Object: 'Object Repository/Amazon/TC_Amazon_007_CustomerSupport/Page_Help - Amazon Customer Service/a_Customer Service' is clicked on

29-01-2024T23:25:53 - [TEST_STEP][PASSED] - verifyElementPresent(findTestObject("Object Repository/Amazon/TC_Amazon_007_CustomerSupport/Page_Help - Amazon Customer Service/div_Customer Service                 Ask th_35d152"), 0): Object 'Object Repository/Amazon/TC_Amazon_007_CustomerSupport/Page_Help - Amazon Customer Service/div_Customer Service                 Ask th_35d152' is present

29-01-2024T23:25:53 - [MESSAGE][WARNING] - Timeout '0' is invalid. Using default page load timeout: '30'

29-01-2024T23:25:54 - [MESSAGE][PASSED] - Object 'Object Repository/Amazon/TC_Amazon_007_CustomerSupport/Page_Help - Amazon Customer Service/div_Customer Service                 Ask th_35d152' is present

29-01-2024T23:25:54 - [TEST_STEP][PASSED] - verifyElementPresent(findTestObject("Object Repository/Amazon/TC_Amazon_007_CustomerSupport/Page_Help - Amazon Customer Service/a_Contact Us"), 0): Object 'Object Repository/Amazon/TC_Amazon_007_CustomerSupport/Page_Help - Amazon Customer Service/a_Contact Us' is present

29-01-2024T23:25:54 - [MESSAGE][WARNING] - Timeout '0' is invalid. Using default page load timeout: '30'

29-01-2024T23:25:54 - [MESSAGE][PASSED] - Object 'Object Repository/Amazon/TC_Amazon_007_CustomerSupport/Page_Help - Amazon Customer Service/a_Contact Us' is present

29-01-2024T23:25:54 - [TEST_STEP][PASSED] - click(findTestObject("Object Repository/Amazon/TC_Amazon_007_CustomerSupport/Page_Help - Amazon Customer Service/a_Contact Us")): Object: 'Object Repository/Amazon/TC_Amazon_007_CustomerSupport/Page_Help - Amazon Customer Service/a_Contact Us' is clicked on

29-01-2024T23:25:55 - [MESSAGE][PASSED] - Object: 'Object Repository/Amazon/TC_Amazon_007_CustomerSupport/Page_Help - Amazon Customer Service/a_Contact Us' is clicked on

29-01-2024T23:25:55 - [TEST_STEP][PASSED] - closeBrowser(): Browser is closed

29-01-2024T23:25:55 - [MESSAGE][PASSED] - Browser is closed]]></system-out>
         <system-err><![CDATA[]]></system-err>
      </testcase>
      <testcase name="Test Cases/Amazon/TC_Amazon_008" time="42.859" classname="Test Cases/Amazon/TC_Amazon_008" status="PASSED">
         <system-out><![CDATA[29-01-2024T23:25:55 - [TEST_CASE][PASSED] - Test Cases/Amazon/TC_Amazon_008: Test Cases/Amazon/TC_Amazon_008

29-01-2024T23:25:55 - [TEST_STEP][PASSED] - openBrowser(""): Browser is opened with url: ''

29-01-2024T23:25:55 - [MESSAGE][INFO] - Starting 'Chrome' driver

29-01-2024T23:25:55 - [MESSAGE][INFO] - Action delay is set to 0 milliseconds

29-01-2024T23:25:55 - [MESSAGE][PASSED] - Browser is opened with url: ''

29-01-2024T23:25:55 - [TEST_STEP][PASSED] - maximizeWindow(): Current window maximized

29-01-2024T23:25:55 - [MESSAGE][PASSED] - Current window maximized

29-01-2024T23:25:55 - [TEST_STEP][PASSED] - navigateToUrl("https://www.amazon.in/"): Navigate to 'https://www.amazon.in/' successfully

29-01-2024T23:25:57 - [MESSAGE][PASSED] - Navigate to 'https://www.amazon.in/' successfully

29-01-2024T23:25:57 - [TEST_STEP][PASSED] - setText(findTestObject("Object Repository/Amazon/TC_Amazon_008_AddtoCart/Page_Online Shopping site in India Shop Onl_10c5f3/input_field-keywords"), "samsung tab"): Text 'samsung tab' is set on object 'Object Repository/Amazon/TC_Amazon_008_AddtoCart/Page_Online Shopping site in India Shop Onl_10c5f3/input_field-keywords'

29-01-2024T23:26:12 - [MESSAGE][PASSED] - Text 'samsung tab' is set on object 'Object Repository/Amazon/TC_Amazon_008_AddtoCart/Page_Online Shopping site in India Shop Onl_10c5f3/input_field-keywords'

29-01-2024T23:26:12 - [TEST_STEP][PASSED] - click(findTestObject("Object Repository/Amazon/TC_Amazon_008_AddtoCart/Page_Amazon.in  samsung tab/inputnav-search-submit-button")): Object: 'Object Repository/Amazon/TC_Amazon_008_AddtoCart/Page_Amazon.in  samsung tab/inputnav-search-submit-button' is clicked on

29-01-2024T23:26:18 - [MESSAGE][PASSED] - Object: 'Object Repository/Amazon/TC_Amazon_008_AddtoCart/Page_Amazon.in  samsung tab/inputnav-search-submit-button' is clicked on

29-01-2024T23:26:18 - [TEST_STEP][PASSED] - click(findTestObject("Object Repository/Amazon/TC_Amazon_008_AddtoCart/Page_Amazon.in  samsung tab/span_Samsung Galaxy Tab A9 27.94 cm (11.0 i_4a94ea")): Object: 'Object Repository/Amazon/TC_Amazon_008_AddtoCart/Page_Amazon.in  samsung tab/span_Samsung Galaxy Tab A9 27.94 cm (11.0 i_4a94ea' is clicked on

29-01-2024T23:26:18 - [MESSAGE][PASSED] - Object: 'Object Repository/Amazon/TC_Amazon_008_AddtoCart/Page_Amazon.in  samsung tab/span_Samsung Galaxy Tab A9 27.94 cm (11.0 i_4a94ea' is clicked on

29-01-2024T23:26:18 - [TEST_STEP][PASSED] - switchToWindowTitle("Samsung Galaxy Tab A9+ 27.94 cm (11.0 inch) Display, RAM 8 GB, ROM 128 GB Expandable, Wi-Fi Tablet, Silver : Amazon.in: Electronics"): Switched to window with title: 'Samsung Galaxy Tab A9+ 27.94 cm (11.0 inch) Display, RAM 8 GB, ROM 128 GB Expandable, Wi-Fi Tablet, Silver : Amazon.in: Electronics'

29-01-2024T23:26:28 - [MESSAGE][PASSED] - Switched to window with title: 'Samsung Galaxy Tab A9+ 27.94 cm (11.0 inch) Display, RAM 8 GB, ROM 128 GB Expandable, Wi-Fi Tablet, Silver : Amazon.in: Electronics'

29-01-2024T23:26:28 - [TEST_STEP][PASSED] - click(findTestObject("Object Repository/Amazon/TC_Amazon_008_AddtoCart/Page_Samsung Galaxy Tab A9 27.94 cm (11.0 i_76248f/input_submit.add-to-cart")): Object: 'Object Repository/Amazon/TC_Amazon_008_AddtoCart/Page_Samsung Galaxy Tab A9 27.94 cm (11.0 i_76248f/input_submit.add-to-cart' is clicked on

29-01-2024T23:26:33 - [MESSAGE][PASSED] - Object: 'Object Repository/Amazon/TC_Amazon_008_AddtoCart/Page_Samsung Galaxy Tab A9 27.94 cm (11.0 i_76248f/input_submit.add-to-cart' is clicked on

29-01-2024T23:26:33 - [TEST_STEP][PASSED] - click(findTestObject("Object Repository/Amazon/TC_Amazon_008_AddtoCart/Page_Samsung Galaxy Tab A9 27.94 cm (11.0 i_76248f/aattach-close_sideSheet-link")): Object: 'Object Repository/Amazon/TC_Amazon_008_AddtoCart/Page_Samsung Galaxy Tab A9 27.94 cm (11.0 i_76248f/aattach-close_sideSheet-link' is clicked on

29-01-2024T23:26:35 - [MESSAGE][PASSED] - Object: 'Object Repository/Amazon/TC_Amazon_008_AddtoCart/Page_Samsung Galaxy Tab A9 27.94 cm (11.0 i_76248f/aattach-close_sideSheet-link' is clicked on

29-01-2024T23:26:35 - [TEST_STEP][PASSED] - click(findTestObject("Object Repository/Amazon/TC_Amazon_008_AddtoCart/Page_Samsung Galaxy Tab A9 27.94 cm (11.0 i_76248f/a_1                                        _7d74ab")): Object: 'Object Repository/Amazon/TC_Amazon_008_AddtoCart/Page_Samsung Galaxy Tab A9 27.94 cm (11.0 i_76248f/a_1                                        _7d74ab' is clicked on

29-01-2024T23:26:37 - [MESSAGE][PASSED] - Object: 'Object Repository/Amazon/TC_Amazon_008_AddtoCart/Page_Samsung Galaxy Tab A9 27.94 cm (11.0 i_76248f/a_1                                        _7d74ab' is clicked on

29-01-2024T23:26:37 - [TEST_STEP][PASSED] - closeBrowser(): Browser is closed

29-01-2024T23:26:38 - [MESSAGE][PASSED] - Browser is closed]]></system-out>
         <system-err><![CDATA[]]></system-err>
      </testcase>
      <testcase name="Test Cases/Amazon/TC_Amazon_009" time="5.832" classname="Test Cases/Amazon/TC_Amazon_009" status="PASSED">
         <system-out><![CDATA[29-01-2024T23:26:38 - [TEST_CASE][PASSED] - Test Cases/Amazon/TC_Amazon_009: Test Cases/Amazon/TC_Amazon_009

29-01-2024T23:26:38 - [TEST_STEP][PASSED] - openBrowser("www.amazon.in"): Browser is opened with url: 'www.amazon.in'

29-01-2024T23:26:38 - [MESSAGE][INFO] - Starting 'Chrome' driver

29-01-2024T23:26:38 - [MESSAGE][INFO] - Action delay is set to 0 milliseconds

29-01-2024T23:26:39 - [MESSAGE][PASSED] - Browser is opened with url: 'www.amazon.in'

29-01-2024T23:26:39 - [TEST_STEP][PASSED] - maximizeWindow(): Current window maximized

29-01-2024T23:26:40 - [MESSAGE][PASSED] - Current window maximized

29-01-2024T23:26:40 - [TEST_STEP][PASSED] - verifyElementText(findTestObject("Object Repository/Amazon/TC_Amazon_009_Location/Page_Online Shopping site in India Shop Onl_10c5f3/span_Update location"), "Update location"): Actual text and expected text of test object 'Object Repository/Amazon/TC_Amazon_009_Location/Page_Online Shopping site in India Shop Onl_10c5f3/span_Update location' are matched.

29-01-2024T23:26:40 - [MESSAGE][PASSED] - Actual text and expected text of test object 'Object Repository/Amazon/TC_Amazon_009_Location/Page_Online Shopping site in India Shop Onl_10c5f3/span_Update location' are matched.

29-01-2024T23:26:40 - [TEST_STEP][PASSED] - click(findTestObject("Object Repository/Amazon/TC_Amazon_009_Location/Page_Online Shopping site in India Shop Onl_10c5f3/span_Update location")): Object: 'Object Repository/Amazon/TC_Amazon_009_Location/Page_Online Shopping site in India Shop Onl_10c5f3/span_Update location' is clicked on

29-01-2024T23:26:40 - [MESSAGE][PASSED] - Object: 'Object Repository/Amazon/TC_Amazon_009_Location/Page_Online Shopping site in India Shop Onl_10c5f3/span_Update location' is clicked on

29-01-2024T23:26:40 - [TEST_STEP][PASSED] - verifyElementPresent(findTestObject("Object Repository/Amazon/TC_Amazon_009_Location/Page_Online Shopping site in India Shop Onl_10c5f3/h4_Choose your location"), 0): Object 'Object Repository/Amazon/TC_Amazon_009_Location/Page_Online Shopping site in India Shop Onl_10c5f3/h4_Choose your location' is present

29-01-2024T23:26:41 - [MESSAGE][WARNING] - Timeout '0' is invalid. Using default page load timeout: '30'

29-01-2024T23:26:42 - [MESSAGE][PASSED] - Object 'Object Repository/Amazon/TC_Amazon_009_Location/Page_Online Shopping site in India Shop Onl_10c5f3/h4_Choose your location' is present

29-01-2024T23:26:42 - [TEST_STEP][PASSED] - setText(findTestObject("Object Repository/Amazon/TC_Amazon_009_Location/Page_Online Shopping site in India Shop Onl_10c5f3/inputGLUXZipUpdateInput"), "226001"): Text '226001' is set on object 'Object Repository/Amazon/TC_Amazon_009_Location/Page_Online Shopping site in India Shop Onl_10c5f3/inputGLUXZipUpdateInput'

29-01-2024T23:26:42 - [MESSAGE][PASSED] - Text '226001' is set on object 'Object Repository/Amazon/TC_Amazon_009_Location/Page_Online Shopping site in India Shop Onl_10c5f3/inputGLUXZipUpdateInput'

29-01-2024T23:26:42 - [TEST_STEP][PASSED] - rightClick(findTestObject("Object Repository/Amazon/TC_Amazon_009_Location/Page_Online Shopping site in India Shop Onl_10c5f3/input_a-button-input")): Object: 'Object Repository/Amazon/TC_Amazon_009_Location/Page_Online Shopping site in India Shop Onl_10c5f3/input_a-button-input' is right clicked on

29-01-2024T23:26:43 - [MESSAGE][PASSED] - Object: 'Object Repository/Amazon/TC_Amazon_009_Location/Page_Online Shopping site in India Shop Onl_10c5f3/input_a-button-input' is right clicked on

29-01-2024T23:26:43 - [TEST_STEP][PASSED] - click(findTestObject("Object Repository/Amazon/TC_Amazon_009_Location/Page_Online Shopping site in India Shop Onl_10c5f3/input_a-button-input")): Object: 'Object Repository/Amazon/TC_Amazon_009_Location/Page_Online Shopping site in India Shop Onl_10c5f3/input_a-button-input' is clicked on

29-01-2024T23:26:43 - [MESSAGE][PASSED] - Object: 'Object Repository/Amazon/TC_Amazon_009_Location/Page_Online Shopping site in India Shop Onl_10c5f3/input_a-button-input' is clicked on

29-01-2024T23:26:43 - [TEST_STEP][PASSED] - closeBrowser(): Browser is closed

29-01-2024T23:26:43 - [MESSAGE][PASSED] - Browser is closed]]></system-out>
         <system-err><![CDATA[]]></system-err>
      </testcase>
      <testcase name="Test Cases/Amazon/TC_Amazon_010" time="12.617" classname="Test Cases/Amazon/TC_Amazon_010" status="PASSED">
         <system-out><![CDATA[29-01-2024T23:26:43 - [TEST_CASE][PASSED] - Test Cases/Amazon/TC_Amazon_010: Test Cases/Amazon/TC_Amazon_010

29-01-2024T23:26:43 - [TEST_STEP][PASSED] - openBrowser(""): Browser is opened with url: ''

29-01-2024T23:26:43 - [MESSAGE][INFO] - Starting 'Chrome' driver

29-01-2024T23:26:43 - [MESSAGE][INFO] - Action delay is set to 0 milliseconds

29-01-2024T23:26:44 - [MESSAGE][PASSED] - Browser is opened with url: ''

29-01-2024T23:26:44 - [TEST_STEP][PASSED] - maximizeWindow(): Current window maximized

29-01-2024T23:26:44 - [MESSAGE][PASSED] - Current window maximized

29-01-2024T23:26:44 - [TEST_STEP][PASSED] - navigateToUrl("https://www.amazon.in/"): Navigate to 'https://www.amazon.in/' successfully

29-01-2024T23:26:46 - [MESSAGE][PASSED] - Navigate to 'https://www.amazon.in/' successfully

29-01-2024T23:26:46 - [TEST_STEP][PASSED] - verifyElementPresent(findTestObject("Object Repository/Amazon/TC_Amazon_010_Language/Page_Online Shopping site in India Shop Onl_10c5f3/a_EN"), 0): Object 'Object Repository/Amazon/TC_Amazon_010_Language/Page_Online Shopping site in India Shop Onl_10c5f3/a_EN' is present

29-01-2024T23:26:46 - [MESSAGE][WARNING] - Timeout '0' is invalid. Using default page load timeout: '30'

29-01-2024T23:26:46 - [MESSAGE][PASSED] - Object 'Object Repository/Amazon/TC_Amazon_010_Language/Page_Online Shopping site in India Shop Onl_10c5f3/a_EN' is present

29-01-2024T23:26:46 - [TEST_STEP][PASSED] - click(findTestObject("Object Repository/Amazon/TC_Amazon_010_Language/Page_Online Shopping site in India Shop Onl_10c5f3/a_EN")): Object: 'Object Repository/Amazon/TC_Amazon_010_Language/Page_Online Shopping site in India Shop Onl_10c5f3/a_EN' is clicked on

29-01-2024T23:26:47 - [MESSAGE][PASSED] - Object: 'Object Repository/Amazon/TC_Amazon_010_Language/Page_Online Shopping site in India Shop Onl_10c5f3/a_EN' is clicked on

29-01-2024T23:26:47 - [TEST_STEP][PASSED] - verifyElementPresent(findTestObject("Object Repository/Amazon/TC_Amazon_010_Language/Page_Change Language Settings/div_(function(f) var _np(window.P._namespac_5a8a07"), 0): Object 'Object Repository/Amazon/TC_Amazon_010_Language/Page_Change Language Settings/div_(function(f) var _np(window.P._namespac_5a8a07' is present

29-01-2024T23:26:47 - [MESSAGE][WARNING] - Timeout '0' is invalid. Using default page load timeout: '30'

29-01-2024T23:26:48 - [MESSAGE][PASSED] - Object 'Object Repository/Amazon/TC_Amazon_010_Language/Page_Change Language Settings/div_(function(f) var _np(window.P._namespac_5a8a07' is present

29-01-2024T23:26:48 - [TEST_STEP][PASSED] - verifyElementPresent(findTestObject("Object Repository/Amazon/TC_Amazon_010_Language/Page_Change Language Settings/h3_Language Settings"), 0): Object 'Object Repository/Amazon/TC_Amazon_010_Language/Page_Change Language Settings/h3_Language Settings' is present

29-01-2024T23:26:48 - [MESSAGE][WARNING] - Timeout '0' is invalid. Using default page load timeout: '30'

29-01-2024T23:26:49 - [MESSAGE][PASSED] - Object 'Object Repository/Amazon/TC_Amazon_010_Language/Page_Change Language Settings/h3_Language Settings' is present

29-01-2024T23:26:49 - [TEST_STEP][PASSED] - verifyElementPresent(findTestObject("Object Repository/Amazon/TC_Amazon_010_Language/Page_Change Language Settings/span_-        HI                           _d828bb"), 0): Object 'Object Repository/Amazon/TC_Amazon_010_Language/Page_Change Language Settings/span_-        HI                           _d828bb' is present

29-01-2024T23:26:49 - [MESSAGE][WARNING] - Timeout '0' is invalid. Using default page load timeout: '30'

29-01-2024T23:26:49 - [MESSAGE][PASSED] - Object 'Object Repository/Amazon/TC_Amazon_010_Language/Page_Change Language Settings/span_-        HI                           _d828bb' is present

29-01-2024T23:26:49 - [TEST_STEP][PASSED] - click(findTestObject("Object Repository/Amazon/TC_Amazon_010_Language/Page_Change Language Settings/i_a-icon a-icon-radio")): Object: 'Object Repository/Amazon/TC_Amazon_010_Language/Page_Change Language Settings/i_a-icon a-icon-radio' is clicked on

29-01-2024T23:26:49 - [MESSAGE][PASSED] - Object: 'Object Repository/Amazon/TC_Amazon_010_Language/Page_Change Language Settings/i_a-icon a-icon-radio' is clicked on

29-01-2024T23:26:49 - [TEST_STEP][PASSED] - rightClick(findTestObject("Object Repository/Amazon/TC_Amazon_010_Language/Page_Change Language Settings/input_a-button-input")): Object: 'Object Repository/Amazon/TC_Amazon_010_Language/Page_Change Language Settings/input_a-button-input' is right clicked on

29-01-2024T23:26:50 - [MESSAGE][PASSED] - Object: 'Object Repository/Amazon/TC_Amazon_010_Language/Page_Change Language Settings/input_a-button-input' is right clicked on

29-01-2024T23:26:50 - [TEST_STEP][PASSED] - verifyElementPresent(findTestObject("Object Repository/Amazon/TC_Amazon_010_Language/Page_Change Language Settings/div_(function(f) var _np(window.P._namespac_5a8a07_1"), 0): Object 'Object Repository/Amazon/TC_Amazon_010_Language/Page_Change Language Settings/div_(function(f) var _np(window.P._namespac_5a8a07_1' is present

29-01-2024T23:26:50 - [MESSAGE][WARNING] - Timeout '0' is invalid. Using default page load timeout: '30'

29-01-2024T23:26:51 - [MESSAGE][PASSED] - Object 'Object Repository/Amazon/TC_Amazon_010_Language/Page_Change Language Settings/div_(function(f) var _np(window.P._namespac_5a8a07_1' is present

29-01-2024T23:26:51 - [TEST_STEP][PASSED] - verifyElementPresent(findTestObject("Object Repository/Amazon/TC_Amazon_010_Language/Page_Change Language Settings/input_a-button-input"), 0): Object 'Object Repository/Amazon/TC_Amazon_010_Language/Page_Change Language Settings/input_a-button-input' is present

29-01-2024T23:26:51 - [MESSAGE][WARNING] - Timeout '0' is invalid. Using default page load timeout: '30'

29-01-2024T23:26:51 - [MESSAGE][PASSED] - Object 'Object Repository/Amazon/TC_Amazon_010_Language/Page_Change Language Settings/input_a-button-input' is present

29-01-2024T23:26:51 - [TEST_STEP][PASSED] - click(findTestObject("Object Repository/Amazon/TC_Amazon_010_Language/Page_Change Language Settings/input_a-button-input")): Object: 'Object Repository/Amazon/TC_Amazon_010_Language/Page_Change Language Settings/input_a-button-input' is clicked on

29-01-2024T23:26:51 - [MESSAGE][PASSED] - Object: 'Object Repository/Amazon/TC_Amazon_010_Language/Page_Change Language Settings/input_a-button-input' is clicked on

29-01-2024T23:26:51 - [TEST_STEP][PASSED] - verifyElementText(findTestObject("Object Repository/Amazon/TC_Amazon_010_Language/Page_, , ,    - Amazon.in/a_HI"), "HI"): Actual text and expected text of test object 'Object Repository/Amazon/TC_Amazon_010_Language/Page_, , ,    - Amazon.in/a_HI' are matched.

29-01-2024T23:26:56 - [MESSAGE][PASSED] - Actual text and expected text of test object 'Object Repository/Amazon/TC_Amazon_010_Language/Page_, , ,    - Amazon.in/a_HI' are matched.

29-01-2024T23:26:56 - [TEST_STEP][PASSED] - closeBrowser(): Browser is closed

29-01-2024T23:26:56 - [MESSAGE][PASSED] - Browser is closed]]></system-out>
         <system-err><![CDATA[]]></system-err>
      </testcase>
      <system-out><![CDATA[29-01-2024T23:22:41 - [TEST_SUITE][FAILED] - TC_Amazon_TestSuite: Test Cases/Amazon/TC_Amazon_006 FAILED.
Reason:
com.kms.katalon.core.exception.StepFailedException: Unable to set text 'nizamuddin1603@gmail.com' of object 'Object Repository/Amazon/TC_Amazon_006_SignIn/Page_Amazon Sign In/input_email'
	at com.kms.katalon.core.webui.keyword.internal.WebUIKeywordMain.stepFailed(WebUIKeywordMain.groovy:64)
	at com.kms.katalon.core.webui.keyword.internal.WebUIKeywordMain.runKeyword(WebUIKeywordMain.groovy:26)
	at com.kms.katalon.core.webui.keyword.builtin.SetTextKeyword.setText(SetTextKeyword.groovy:66)
	at com.kms.katalon.core.webui.keyword.builtin.SetTextKeyword.execute(SetTextKeyword.groovy:37)
	at com.kms.katalon.core.keyword.internal.KeywordExecutor.executeKeywordForPlatform(KeywordExecutor.groovy:74)
	at com.kms.katalon.core.webui.keyword.WebUiBuiltInKeywords.setText(WebUiBuiltInKeywords.groovy:1019)
	at TC_Amazon_006.run(TC_Amazon_006:37)
	at com.kms.katalon.core.main.ScriptEngine.run(ScriptEngine.java:194)
	at com.kms.katalon.core.main.ScriptEngine.runScriptAsRawText(ScriptEngine.java:119)
	at com.kms.katalon.core.main.TestCaseExecutor.runScript(TestCaseExecutor.java:448)
	at com.kms.katalon.core.main.TestCaseExecutor.doExecute(TestCaseExecutor.java:439)
	at com.kms.katalon.core.main.TestCaseExecutor.processExecutionPhase(TestCaseExecutor.java:418)
	at com.kms.katalon.core.main.TestCaseExecutor.accessMainPhase(TestCaseExecutor.java:410)
	at com.kms.katalon.core.main.TestCaseExecutor.execute(TestCaseExecutor.java:285)
	at com.kms.katalon.core.common.CommonExecutor.accessTestCaseMainPhase(CommonExecutor.java:65)
	at com.kms.katalon.core.main.TestSuiteExecutor.accessTestSuiteMainPhase(TestSuiteExecutor.java:148)
	at com.kms.katalon.core.main.TestSuiteExecutor.execute(TestSuiteExecutor.java:106)
	at com.kms.katalon.core.main.TestCaseMain.startTestSuite(TestCaseMain.java:180)
	at TempTestSuite1706550752920.run(TempTestSuite1706550752920.groovy:36)
	at java.base/jdk.internal.reflect.NativeMethodAccessorImpl.invoke0(Native Method)
	at java.base/jdk.internal.reflect.NativeMethodAccessorImpl.invoke(NativeMethodAccessorImpl.java:77)
	at java.base/jdk.internal.reflect.DelegatingMethodAccessorImpl.invoke(DelegatingMethodAccessorImpl.java:43)
Caused by: org.openqa.selenium.InvalidElementStateException: invalid element state
  (Session info: chrome=121.0.6167.86)
Build info: version: '3.141.59', revision: 'e82be7d358', time: '2018-11-14T08:25:53'
System info: host: 'EMPEROR', ip: '10.3.141.5', os.name: 'Windows 11', os.arch: 'amd64', os.version: '10.0', java.version: '17.0.7'
Driver info: com.kms.katalon.selenium.driver.CChromeDriver
Capabilities {acceptInsecureCerts: false, browserName: chrome, browserVersion: 121.0.6167.86, chrome: {chromedriverVersion: 120.0.6099.71 (9729082fe617..., userDataDir: C:\Users\nizam\AppData\Loca...}, fedcm:accounts: true, goog:chromeOptions: {debuggerAddress: localhost:64306}, javascriptEnabled: true, networkConnectionEnabled: false, pageLoadStrategy: normal, platform: WINDOWS, platformName: WINDOWS, proxy: Proxy(), setWindowRect: true, strictFileInteractability: false, timeouts: {implicit: 0, pageLoad: 300000, script: 30000}, unhandledPromptBehavior: dismiss and notify, webauthn:extension:credBlob: true, webauthn:extension:largeBlob: true, webauthn:extension:minPinLength: true, webauthn:extension:prf: true, webauthn:virtualAuthenticators: true}
Session ID: a9c3bad35ca2b3bb3173b2c9ff8db2f9
	at java.base/jdk.internal.reflect.NativeConstructorAccessorImpl.newInstance0(Native Method)
	at java.base/jdk.internal.reflect.NativeConstructorAccessorImpl.newInstance(NativeConstructorAccessorImpl.java:77)
	at java.base/jdk.internal.reflect.DelegatingConstructorAccessorImpl.newInstance(DelegatingConstructorAccessorImpl.java:45)
	at org.openqa.selenium.remote.http.W3CHttpResponseCodec.createException(W3CHttpResponseCodec.java:187)
	at org.openqa.selenium.remote.http.W3CHttpResponseCodec.decode(W3CHttpResponseCodec.java:122)
	at org.openqa.selenium.remote.http.W3CHttpResponseCodec.decode(W3CHttpResponseCodec.java:49)
	at org.openqa.selenium.remote.HttpCommandExecutor.execute(HttpCommandExecutor.java:158)
	at org.openqa.selenium.remote.service.DriverCommandExecutor.execute(DriverCommandExecutor.java:83)
	at org.openqa.selenium.remote.RemoteWebDriver.execute(RemoteWebDriver.java:552)
	at com.kms.katalon.selenium.driver.CChromeDriver.execute(CChromeDriver.java:19)
	at org.openqa.selenium.remote.RemoteWebElement.execute(RemoteWebElement.java:285)
	at org.openqa.selenium.remote.RemoteWebElement.clear(RemoteWebElement.java:124)
	at java.base/jdk.internal.reflect.NativeMethodAccessorImpl.invoke0(Native Method)
	at java.base/jdk.internal.reflect.NativeMethodAccessorImpl.invoke(NativeMethodAccessorImpl.java:77)
	at java.base/jdk.internal.reflect.DelegatingMethodAccessorImpl.invoke(DelegatingMethodAccessorImpl.java:43)
	at org.openqa.selenium.support.events.EventFiringWebDriver$EventFiringWebElement.lambda$new$0(EventFiringWebDriver.java:404)
	at jdk.proxy2/jdk.proxy2.$Proxy24.clear(Unknown Source)
	at org.openqa.selenium.support.events.EventFiringWebDriver$EventFiringWebElement.clear(EventFiringWebDriver.java:436)
	at com.kms.katalon.core.webui.keyword.builtin.SetTextKeyword$_setText_closure1.doCall(SetTextKeyword.groovy:53)
	at com.kms.katalon.core.webui.keyword.builtin.SetTextKeyword$_setText_closure1.call(SetTextKeyword.groovy)
	at com.kms.katalon.core.webui.keyword.internal.WebUIKeywordMain.runKeyword(WebUIKeywordMain.groovy:20)
	... 20 more]]></system-out>
      <system-err><![CDATA[29-01-2024T23:22:41 - [TEST_SUITE][FAILED] - TC_Amazon_TestSuite: Test Cases/Amazon/TC_Amazon_006 FAILED.
Reason:
com.kms.katalon.core.exception.StepFailedException: Unable to set text 'nizamuddin1603@gmail.com' of object 'Object Repository/Amazon/TC_Amazon_006_SignIn/Page_Amazon Sign In/input_email'
	at com.kms.katalon.core.webui.keyword.internal.WebUIKeywordMain.stepFailed(WebUIKeywordMain.groovy:64)
	at com.kms.katalon.core.webui.keyword.internal.WebUIKeywordMain.runKeyword(WebUIKeywordMain.groovy:26)
	at com.kms.katalon.core.webui.keyword.builtin.SetTextKeyword.setText(SetTextKeyword.groovy:66)
	at com.kms.katalon.core.webui.keyword.builtin.SetTextKeyword.execute(SetTextKeyword.groovy:37)
	at com.kms.katalon.core.keyword.internal.KeywordExecutor.executeKeywordForPlatform(KeywordExecutor.groovy:74)
	at com.kms.katalon.core.webui.keyword.WebUiBuiltInKeywords.setText(WebUiBuiltInKeywords.groovy:1019)
	at TC_Amazon_006.run(TC_Amazon_006:37)
	at com.kms.katalon.core.main.ScriptEngine.run(ScriptEngine.java:194)
	at com.kms.katalon.core.main.ScriptEngine.runScriptAsRawText(ScriptEngine.java:119)
	at com.kms.katalon.core.main.TestCaseExecutor.runScript(TestCaseExecutor.java:448)
	at com.kms.katalon.core.main.TestCaseExecutor.doExecute(TestCaseExecutor.java:439)
	at com.kms.katalon.core.main.TestCaseExecutor.processExecutionPhase(TestCaseExecutor.java:418)
	at com.kms.katalon.core.main.TestCaseExecutor.accessMainPhase(TestCaseExecutor.java:410)
	at com.kms.katalon.core.main.TestCaseExecutor.execute(TestCaseExecutor.java:285)
	at com.kms.katalon.core.common.CommonExecutor.accessTestCaseMainPhase(CommonExecutor.java:65)
	at com.kms.katalon.core.main.TestSuiteExecutor.accessTestSuiteMainPhase(TestSuiteExecutor.java:148)
	at com.kms.katalon.core.main.TestSuiteExecutor.execute(TestSuiteExecutor.java:106)
	at com.kms.katalon.core.main.TestCaseMain.startTestSuite(TestCaseMain.java:180)
	at TempTestSuite1706550752920.run(TempTestSuite1706550752920.groovy:36)
	at java.base/jdk.internal.reflect.NativeMethodAccessorImpl.invoke0(Native Method)
	at java.base/jdk.internal.reflect.NativeMethodAccessorImpl.invoke(NativeMethodAccessorImpl.java:77)
	at java.base/jdk.internal.reflect.DelegatingMethodAccessorImpl.invoke(DelegatingMethodAccessorImpl.java:43)
Caused by: org.openqa.selenium.InvalidElementStateException: invalid element state
  (Session info: chrome=121.0.6167.86)
Build info: version: '3.141.59', revision: 'e82be7d358', time: '2018-11-14T08:25:53'
System info: host: 'EMPEROR', ip: '10.3.141.5', os.name: 'Windows 11', os.arch: 'amd64', os.version: '10.0', java.version: '17.0.7'
Driver info: com.kms.katalon.selenium.driver.CChromeDriver
Capabilities {acceptInsecureCerts: false, browserName: chrome, browserVersion: 121.0.6167.86, chrome: {chromedriverVersion: 120.0.6099.71 (9729082fe617..., userDataDir: C:\Users\nizam\AppData\Loca...}, fedcm:accounts: true, goog:chromeOptions: {debuggerAddress: localhost:64306}, javascriptEnabled: true, networkConnectionEnabled: false, pageLoadStrategy: normal, platform: WINDOWS, platformName: WINDOWS, proxy: Proxy(), setWindowRect: true, strictFileInteractability: false, timeouts: {implicit: 0, pageLoad: 300000, script: 30000}, unhandledPromptBehavior: dismiss and notify, webauthn:extension:credBlob: true, webauthn:extension:largeBlob: true, webauthn:extension:minPinLength: true, webauthn:extension:prf: true, webauthn:virtualAuthenticators: true}
Session ID: a9c3bad35ca2b3bb3173b2c9ff8db2f9
	at java.base/jdk.internal.reflect.NativeConstructorAccessorImpl.newInstance0(Native Method)
	at java.base/jdk.internal.reflect.NativeConstructorAccessorImpl.newInstance(NativeConstructorAccessorImpl.java:77)
	at java.base/jdk.internal.reflect.DelegatingConstructorAccessorImpl.newInstance(DelegatingConstructorAccessorImpl.java:45)
	at org.openqa.selenium.remote.http.W3CHttpResponseCodec.createException(W3CHttpResponseCodec.java:187)
	at org.openqa.selenium.remote.http.W3CHttpResponseCodec.decode(W3CHttpResponseCodec.java:122)
	at org.openqa.selenium.remote.http.W3CHttpResponseCodec.decode(W3CHttpResponseCodec.java:49)
	at org.openqa.selenium.remote.HttpCommandExecutor.execute(HttpCommandExecutor.java:158)
	at org.openqa.selenium.remote.service.DriverCommandExecutor.execute(DriverCommandExecutor.java:83)
	at org.openqa.selenium.remote.RemoteWebDriver.execute(RemoteWebDriver.java:552)
	at com.kms.katalon.selenium.driver.CChromeDriver.execute(CChromeDriver.java:19)
	at org.openqa.selenium.remote.RemoteWebElement.execute(RemoteWebElement.java:285)
[...]

29-01-2024T23:30:48 - [MESSAGE][WARNING] - Timeout '0' is invalid. Using default page load timeout: '30'

29-01-2024T23:30:49 - [MESSAGE][PASSED] - Object 'Object Repository/Amazon/TC_Amazon_007_CustomerSupport/Page_Help - Amazon Customer Service/a_Customer Service' is present

29-01-2024T23:30:49 - [TEST_STEP][PASSED] - click(findTestObject("Object Repository/Amazon/TC_Amazon_007_CustomerSupport/Page_Help - Amazon Customer Service/a_Customer Service")): Object: 'Object Repository/Amazon/TC_Amazon_007_CustomerSupport/Page_Help - Amazon Customer Service/a_Customer Service' is clicked on

29-01-2024T23:30:49 - [MESSAGE][PASSED] - Object: 'Object Repository/Amazon/TC_Amazon_007_CustomerSupport/Page_Help - Amazon Customer Service/a_Customer Service' is clicked on

29-01-2024T23:30:49 - [TEST_STEP][PASSED] - verifyElementPresent(findTestObject("Object Repository/Amazon/TC_Amazon_007_CustomerSupport/Page_Help - Amazon Customer Service/div_Customer Service                 Ask th_35d152"), 0): Object 'Object Repository/Amazon/TC_Amazon_007_CustomerSupport/Page_Help - Amazon Customer Service/div_Customer Service                 Ask th_35d152' is present

29-01-2024T23:30:49 - [MESSAGE][WARNING] - Timeout '0' is invalid. Using default page load timeout: '30'

29-01-2024T23:30:50 - [MESSAGE][PASSED] - Object 'Object Repository/Amazon/TC_Amazon_007_CustomerSupport/Page_Help - Amazon Customer Service/div_Customer Service                 Ask th_35d152' is present

29-01-2024T23:30:50 - [TEST_STEP][PASSED] - verifyElementPresent(findTestObject("Object Repository/Amazon/TC_Amazon_007_CustomerSupport/Page_Help - Amazon Customer Service/a_Contact Us"), 0): Object 'Object Repository/Amazon/TC_Amazon_007_CustomerSupport/Page_Help - Amazon Customer Service/a_Contact Us' is present

29-01-2024T23:30:50 - [MESSAGE][WARNING] - Timeout '0' is invalid. Using default page load timeout: '30'

29-01-2024T23:30:51 - [MESSAGE][PASSED] - Object 'Object Repository/Amazon/TC_Amazon_007_CustomerSupport/Page_Help - Amazon Customer Service/a_Contact Us' is present

29-01-2024T23:30:51 - [TEST_STEP][PASSED] - click(findTestObject("Object Repository/Amazon/TC_Amazon_007_CustomerSupport/Page_Help - Amazon Customer Service/a_Contact Us")): Object: 'Object Repository/Amazon/TC_Amazon_007_CustomerSupport/Page_Help - Amazon Customer Service/a_Contact Us' is clicked on

29-01-2024T23:30:51 - [MESSAGE][PASSED] - Object: 'Object Repository/Amazon/TC_Amazon_007_CustomerSupport/Page_Help - Amazon Customer Service/a_Contact Us' is clicked on

29-01-2024T23:30:51 - [TEST_STEP][PASSED] - closeBrowser(): Browser is closed

29-01-2024T23:30:52 - [MESSAGE][PASSED] - Browser is closed]]></system-out>
         <system-err><![CDATA[]]></system-err>
      </testcase>
      <testcase name="Test Cases/Amazon/TC_Amazon_008" time="40.3" classname="Test Cases/Amazon/TC_Amazon_008" status="PASSED">
         <system-out><![CDATA[29-01-2024T23:30:52 - [TEST_CASE][PASSED] - Test Cases/Amazon/TC_Amazon_008: Test Cases/Amazon/TC_Amazon_008

29-01-2024T23:30:52 - [TEST_STEP][PASSED] - openBrowser(""): Browser is opened with url: ''

29-01-2024T23:30:52 - [MESSAGE][INFO] - Starting 'Edge Chromium' driver

29-01-2024T23:30:52 - [MESSAGE][INFO] - Action delay is set to 0 milliseconds

29-01-2024T23:30:52 - [MESSAGE][PASSED] - Browser is opened with url: ''

29-01-2024T23:30:52 - [TEST_STEP][PASSED] - maximizeWindow(): Current window maximized

29-01-2024T23:30:52 - [MESSAGE][PASSED] - Current window maximized

29-01-2024T23:30:52 - [TEST_STEP][PASSED] - navigateToUrl("https://www.amazon.in/"): Navigate to 'https://www.amazon.in/' successfully

29-01-2024T23:31:00 - [MESSAGE][PASSED] - Navigate to 'https://www.amazon.in/' successfully

29-01-2024T23:31:00 - [TEST_STEP][PASSED] - setText(findTestObject("Object Repository/Amazon/TC_Amazon_008_AddtoCart/Page_Online Shopping site in India Shop Onl_10c5f3/input_field-keywords"), "samsung tab"): Text 'samsung tab' is set on object 'Object Repository/Amazon/TC_Amazon_008_AddtoCart/Page_Online Shopping site in India Shop Onl_10c5f3/input_field-keywords'

29-01-2024T23:31:02 - [MESSAGE][PASSED] - Text 'samsung tab' is set on object 'Object Repository/Amazon/TC_Amazon_008_AddtoCart/Page_Online Shopping site in India Shop Onl_10c5f3/input_field-keywords'

29-01-2024T23:31:02 - [TEST_STEP][PASSED] - click(findTestObject("Object Repository/Amazon/TC_Amazon_008_AddtoCart/Page_Amazon.in  samsung tab/inputnav-search-submit-button")): Object: 'Object Repository/Amazon/TC_Amazon_008_AddtoCart/Page_Amazon.in  samsung tab/inputnav-search-submit-button' is clicked on

29-01-2024T23:31:08 - [MESSAGE][PASSED] - Object: 'Object Repository/Amazon/TC_Amazon_008_AddtoCart/Page_Amazon.in  samsung tab/inputnav-search-submit-button' is clicked on

29-01-2024T23:31:08 - [TEST_STEP][PASSED] - click(findTestObject("Object Repository/Amazon/TC_Amazon_008_AddtoCart/Page_Amazon.in  samsung tab/span_Samsung Galaxy Tab A9 27.94 cm (11.0 i_4a94ea")): Object: 'Object Repository/Amazon/TC_Amazon_008_AddtoCart/Page_Amazon.in  samsung tab/span_Samsung Galaxy Tab A9 27.94 cm (11.0 i_4a94ea' is clicked on

29-01-2024T23:31:09 - [MESSAGE][PASSED] - Object: 'Object Repository/Amazon/TC_Amazon_008_AddtoCart/Page_Amazon.in  samsung tab/span_Samsung Galaxy Tab A9 27.94 cm (11.0 i_4a94ea' is clicked on

29-01-2024T23:31:09 - [TEST_STEP][PASSED] - switchToWindowTitle("Samsung Galaxy Tab A9+ 27.94 cm (11.0 inch) Display, RAM 8 GB, ROM 128 GB Expandable, Wi-Fi Tablet, Silver : Amazon.in: Electronics"): Switched to window with title: 'Samsung Galaxy Tab A9+ 27.94 cm (11.0 inch) Display, RAM 8 GB, ROM 128 GB Expandable, Wi-Fi Tablet, Silver : Amazon.in: Electronics'

29-01-2024T23:31:21 - [MESSAGE][PASSED] - Switched to window with title: 'Samsung Galaxy Tab A9+ 27.94 cm (11.0 inch) Display, RAM 8 GB, ROM 128 GB Expandable, Wi-Fi Tablet, Silver : Amazon.in: Electronics'

29-01-2024T23:31:21 - [TEST_STEP][PASSED] - click(findTestObject("Object Repository/Amazon/TC_Amazon_008_AddtoCart/Page_Samsung Galaxy Tab A9 27.94 cm (11.0 i_76248f/input_submit.add-to-cart")): Object: 'Object Repository/Amazon/TC_Amazon_008_AddtoCart/Page_Samsung Galaxy Tab A9 27.94 cm (11.0 i_76248f/input_submit.add-to-cart' is clicked on

29-01-2024T23:31:25 - [MESSAGE][PASSED] - Object: 'Object Repository/Amazon/TC_Amazon_008_AddtoCart/Page_Samsung Galaxy Tab A9 27.94 cm (11.0 i_76248f/input_submit.add-to-cart' is clicked on

29-01-2024T23:31:25 - [TEST_STEP][PASSED] - click(findTestObject("Object Repository/Amazon/TC_Amazon_008_AddtoCart/Page_Samsung Galaxy Tab A9 27.94 cm (11.0 i_76248f/aattach-close_sideSheet-link")): Object: 'Object Repository/Amazon/TC_Amazon_008_AddtoCart/Page_Samsung Galaxy Tab A9 27.94 cm (11.0 i_76248f/aattach-close_sideSheet-link' is clicked on

29-01-2024T23:31:29 - [MESSAGE][PASSED] - Object: 'Object Repository/Amazon/TC_Amazon_008_AddtoCart/Page_Samsung Galaxy Tab A9 27.94 cm (11.0 i_76248f/aattach-close_sideSheet-link' is clicked on

29-01-2024T23:31:29 - [TEST_STEP][PASSED] - click(findTestObject("Object Repository/Amazon/TC_Amazon_008_AddtoCart/Page_Samsung Galaxy Tab A9 27.94 cm (11.0 i_76248f/a_1                                        _7d74ab")): Object: 'Object Repository/Amazon/TC_Amazon_008_AddtoCart/Page_Samsung Galaxy Tab A9 27.94 cm (11.0 i_76248f/a_1                                        _7d74ab' is clicked on

29-01-2024T23:31:32 - [MESSAGE][PASSED] - Object: 'Object Repository/Amazon/TC_Amazon_008_AddtoCart/Page_Samsung Galaxy Tab A9 27.94 cm (11.0 i_76248f/a_1                                        _7d74ab' is clicked on

29-01-2024T23:31:32 - [TEST_STEP][PASSED] - closeBrowser(): Browser is closed

29-01-2024T23:31:32 - [MESSAGE][PASSED] - Browser is closed]]></system-out>
         <system-err><![CDATA[]]></system-err>
      </testcase>
      <testcase name="Test Cases/Amazon/TC_Amazon_009" time="61.803" classname="Test Cases/Amazon/TC_Amazon_009" status="PASSED">
         <system-out><![CDATA[29-01-2024T23:31:32 - [TEST_CASE][PASSED] - Test Cases/Amazon/TC_Amazon_009: Test Cases/Amazon/TC_Amazon_009

29-01-2024T23:31:32 - [TEST_STEP][PASSED] - openBrowser("www.amazon.in"): Browser is opened with url: 'www.amazon.in'

29-01-2024T23:31:32 - [MESSAGE][INFO] - Starting 'Edge Chromium' driver

29-01-2024T23:31:32 - [MESSAGE][INFO] - Action delay is set to 0 milliseconds

29-01-2024T23:32:28 - [MESSAGE][PASSED] - Browser is opened with url: 'www.amazon.in'

29-01-2024T23:32:28 - [TEST_STEP][PASSED] - maximizeWindow(): Current window maximized

29-01-2024T23:32:28 - [MESSAGE][PASSED] - Current window maximized

29-01-2024T23:32:28 - [TEST_STEP][PASSED] - verifyElementText(findTestObject("Object Repository/Amazon/TC_Amazon_009_Location/Page_Online Shopping site in India Shop Onl_10c5f3/span_Update location"), "Update location"): Actual text and expected text of test object 'Object Repository/Amazon/TC_Amazon_009_Location/Page_Online Shopping site in India Shop Onl_10c5f3/span_Update location' are matched.

29-01-2024T23:32:31 - [MESSAGE][PASSED] - Actual text and expected text of test object 'Object Repository/Amazon/TC_Amazon_009_Location/Page_Online Shopping site in India Shop Onl_10c5f3/span_Update location' are matched.

29-01-2024T23:32:31 - [TEST_STEP][PASSED] - click(findTestObject("Object Repository/Amazon/TC_Amazon_009_Location/Page_Online Shopping site in India Shop Onl_10c5f3/span_Update location")): Object: 'Object Repository/Amazon/TC_Amazon_009_Location/Page_Online Shopping site in India Shop Onl_10c5f3/span_Update location' is clicked on

29-01-2024T23:32:31 - [MESSAGE][PASSED] - Object: 'Object Repository/Amazon/TC_Amazon_009_Location/Page_Online Shopping site in India Shop Onl_10c5f3/span_Update location' is clicked on

29-01-2024T23:32:31 - [TEST_STEP][PASSED] - verifyElementPresent(findTestObject("Object Repository/Amazon/TC_Amazon_009_Location/Page_Online Shopping site in India Shop Onl_10c5f3/h4_Choose your location"), 0): Object 'Object Repository/Amazon/TC_Amazon_009_Location/Page_Online Shopping site in India Shop Onl_10c5f3/h4_Choose your location' is present

29-01-2024T23:32:31 - [MESSAGE][WARNING] - Timeout '0' is invalid. Using default page load timeout: '30'

29-01-2024T23:32:32 - [MESSAGE][PASSED] - Object 'Object Repository/Amazon/TC_Amazon_009_Location/Page_Online Shopping site in India Shop Onl_10c5f3/h4_Choose your location' is present

29-01-2024T23:32:32 - [TEST_STEP][PASSED] - setText(findTestObject("Object Repository/Amazon/TC_Amazon_009_Location/Page_Online Shopping site in India Shop Onl_10c5f3/inputGLUXZipUpdateInput"), "226001"): Text '226001' is set on object 'Object Repository/Amazon/TC_Amazon_009_Location/Page_Online Shopping site in India Shop Onl_10c5f3/inputGLUXZipUpdateInput'

29-01-2024T23:32:33 - [MESSAGE][PASSED] - Text '226001' is set on object 'Object Repository/Amazon/TC_Amazon_009_Location/Page_Online Shopping site in India Shop Onl_10c5f3/inputGLUXZipUpdateInput'

29-01-2024T23:32:33 - [TEST_STEP][PASSED] - rightClick(findTestObject("Object Repository/Amazon/TC_Amazon_009_Location/Page_Online Shopping site in India Shop Onl_10c5f3/input_a-button-input")): Object: 'Object Repository/Amazon/TC_Amazon_009_Location/Page_Online Shopping site in India Shop Onl_10c5f3/input_a-button-input' is right clicked on

29-01-2024T23:32:33 - [MESSAGE][PASSED] - Object: 'Object Repository/Amazon/TC_Amazon_009_Location/Page_Online Shopping site in India Shop Onl_10c5f3/input_a-button-input' is right clicked on

29-01-2024T23:32:33 - [TEST_STEP][PASSED] - click(findTestObject("Object Repository/Amazon/TC_Amazon_009_Location/Page_Online Shopping site in India Shop Onl_10c5f3/input_a-button-input")): Object: 'Object Repository/Amazon/TC_Amazon_009_Location/Page_Online Shopping site in India Shop Onl_10c5f3/input_a-button-input' is clicked on

29-01-2024T23:32:34 - [MESSAGE][PASSED] - Object: 'Object Repository/Amazon/TC_Amazon_009_Location/Page_Online Shopping site in India Shop Onl_10c5f3/input_a-button-input' is clicked on

29-01-2024T23:32:34 - [TEST_STEP][PASSED] - closeBrowser(): Browser is closed

29-01-2024T23:32:34 - [MESSAGE][PASSED] - Browser is closed]]></system-out>
         <system-err><![CDATA[]]></system-err>
      </testcase>
      <testcase name="Test Cases/Amazon/TC_Amazon_010" time="19.43" classname="Test Cases/Amazon/TC_Amazon_010" status="PASSED">
         <system-out><![CDATA[29-01-2024T23:32:34 - [TEST_CASE][PASSED] - Test Cases/Amazon/TC_Amazon_010: Test Cases/Amazon/TC_Amazon_010

29-01-2024T23:32:34 - [TEST_STEP][PASSED] - openBrowser(""): Browser is opened with url: ''

29-01-2024T23:32:34 - [MESSAGE][INFO] - Starting 'Edge Chromium' driver

29-01-2024T23:32:34 - [MESSAGE][INFO] - Action delay is set to 0 milliseconds

29-01-2024T23:32:34 - [MESSAGE][PASSED] - Browser is opened with url: ''

29-01-2024T23:32:34 - [TEST_STEP][PASSED] - maximizeWindow(): Current window maximized

29-01-2024T23:32:35 - [MESSAGE][PASSED] - Current window maximized

29-01-2024T23:32:35 - [TEST_STEP][PASSED] - navigateToUrl("https://www.amazon.in/"): Navigate to 'https://www.amazon.in/' successfully

29-01-2024T23:32:42 - [MESSAGE][PASSED] - Navigate to 'https://www.amazon.in/' successfully

29-01-2024T23:32:42 - [TEST_STEP][PASSED] - verifyElementPresent(findTestObject("Object Repository/Amazon/TC_Amazon_010_Language/Page_Online Shopping site in India Shop Onl_10c5f3/a_EN"), 0): Object 'Object Repository/Amazon/TC_Amazon_010_Language/Page_Online Shopping site in India Shop Onl_10c5f3/a_EN' is present

29-01-2024T23:32:42 - [MESSAGE][WARNING] - Timeout '0' is invalid. Using default page load timeout: '30'

29-01-2024T23:32:44 - [MESSAGE][PASSED] - Object 'Object Repository/Amazon/TC_Amazon_010_Language/Page_Online Shopping site in India Shop Onl_10c5f3/a_EN' is present

29-01-2024T23:32:44 - [TEST_STEP][PASSED] - click(findTestObject("Object Repository/Amazon/TC_Amazon_010_Language/Page_Online Shopping site in India Shop Onl_10c5f3/a_EN")): Object: 'Object Repository/Amazon/TC_Amazon_010_Language/Page_Online Shopping site in India Shop Onl_10c5f3/a_EN' is clicked on

29-01-2024T23:32:45 - [MESSAGE][PASSED] - Object: 'Object Repository/Amazon/TC_Amazon_010_Language/Page_Online Shopping site in India Shop Onl_10c5f3/a_EN' is clicked on

29-01-2024T23:32:45 - [TEST_STEP][PASSED] - verifyElementPresent(findTestObject("Object Repository/Amazon/TC_Amazon_010_Language/Page_Change Language Settings/div_(function(f) var _np(window.P._namespac_5a8a07"), 0): Object 'Object Repository/Amazon/TC_Amazon_010_Language/Page_Change Language Settings/div_(function(f) var _np(window.P._namespac_5a8a07' is present

29-01-2024T23:32:45 - [MESSAGE][WARNING] - Timeout '0' is invalid. Using default page load timeout: '30'

29-01-2024T23:32:46 - [MESSAGE][PASSED] - Object 'Object Repository/Amazon/TC_Amazon_010_Language/Page_Change Language Settings/div_(function(f) var _np(window.P._namespac_5a8a07' is present

29-01-2024T23:32:46 - [TEST_STEP][PASSED] - verifyElementPresent(findTestObject("Object Repository/Amazon/TC_Amazon_010_Language/Page_Change Language Settings/h3_Language Settings"), 0): Object 'Object Repository/Amazon/TC_Amazon_010_Language/Page_Change Language Settings/h3_Language Settings' is present

29-01-2024T23:32:46 - [MESSAGE][WARNING] - Timeout '0' is invalid. Using default page load timeout: '30'

29-01-2024T23:32:46 - [MESSAGE][PASSED] - Object 'Object Repository/Amazon/TC_Amazon_010_Language/Page_Change Language Settings/h3_Language Settings' is present

29-01-2024T23:32:46 - [TEST_STEP][PASSED] - verifyElementPresent(findTestObject("Object Repository/Amazon/TC_Amazon_010_Language/Page_Change Language Settings/span_-        HI                           _d828bb"), 0): Object 'Object Repository/Amazon/TC_Amazon_010_Language/Page_Change Language Settings/span_-        HI                           _d828bb' is present

29-01-2024T23:32:46 - [MESSAGE][WARNING] - Timeout '0' is invalid. Using default page load timeout: '30'

29-01-2024T23:32:47 - [MESSAGE][PASSED] - Object 'Object Repository/Amazon/TC_Amazon_010_Language/Page_Change Language Settings/span_-        HI                           _d828bb' is present

29-01-2024T23:32:47 - [TEST_STEP][PASSED] - click(findTestObject("Object Repository/Amazon/TC_Amazon_010_Language/Page_Change Language Settings/i_a-icon a-icon-radio")): Object: 'Object Repository/Amazon/TC_Amazon_010_Language/Page_Change Language Settings/i_a-icon a-icon-radio' is clicked on

29-01-2024T23:32:47 - [MESSAGE][PASSED] - Object: 'Object Repository/Amazon/TC_Amazon_010_Language/Page_Change Language Settings/i_a-icon a-icon-radio' is clicked on

29-01-2024T23:32:47 - [TEST_STEP][PASSED] - rightClick(findTestObject("Object Repository/Amazon/TC_Amazon_010_Language/Page_Change Language Settings/input_a-button-input")): Object: 'Object Repository/Amazon/TC_Amazon_010_Language/Page_Change Language Settings/input_a-button-input' is right clicked on

29-01-2024T23:32:48 - [MESSAGE][PASSED] - Object: 'Object Repository/Amazon/TC_Amazon_010_Language/Page_Change Language Settings/input_a-button-input' is right clicked on

29-01-2024T23:32:48 - [TEST_STEP][PASSED] - verifyElementPresent(findTestObject("Object Repository/Amazon/TC_Amazon_010_Language/Page_Change Language Settings/div_(function(f) var _np(window.P._namespac_5a8a07_1"), 0): Object 'Object Repository/Amazon/TC_Amazon_010_Language/Page_Change Language Settings/div_(function(f) var _np(window.P._namespac_5a8a07_1' is present

29-01-2024T23:32:48 - [MESSAGE][WARNING] - Timeout '0' is invalid. Using default page load timeout: '30'

29-01-2024T23:32:49 - [MESSAGE][PASSED] - Object 'Object Repository/Amazon/TC_Amazon_010_Language/Page_Change Language Settings/div_(function(f) var _np(window.P._namespac_5a8a07_1' is present

29-01-2024T23:32:49 - [TEST_STEP][PASSED] - verifyElementPresent(findTestObject("Object Repository/Amazon/TC_Amazon_010_Language/Page_Change Language Settings/input_a-button-input"), 0): Object 'Object Repository/Amazon/TC_Amazon_010_Language/Page_Change Language Settings/input_a-button-input' is present

29-01-2024T23:32:49 - [MESSAGE][WARNING] - Timeout '0' is invalid. Using default page load timeout: '30'

29-01-2024T23:32:49 - [MESSAGE][PASSED] - Object 'Object Repository/Amazon/TC_Amazon_010_Language/Page_Change Language Settings/input_a-button-input' is present

29-01-2024T23:32:49 - [TEST_STEP][PASSED] - click(findTestObject("Object Repository/Amazon/TC_Amazon_010_Language/Page_Change Language Settings/input_a-button-input")): Object: 'Object Repository/Amazon/TC_Amazon_010_Language/Page_Change Language Settings/input_a-button-input' is clicked on

29-01-2024T23:32:50 - [MESSAGE][PASSED] - Object: 'Object Repository/Amazon/TC_Amazon_010_Language/Page_Change Language Settings/input_a-button-input' is clicked on

29-01-2024T23:32:50 - [TEST_STEP][PASSED] - verifyElementText(findTestObject("Object Repository/Amazon/TC_Amazon_010_Language/Page_, , ,    - Amazon.in/a_HI"), "HI"): Actual text and expected text of test object 'Object Repository/Amazon/TC_Amazon_010_Language/Page_, , ,    - Amazon.in/a_HI' are matched.

29-01-2024T23:32:53 - [MESSAGE][PASSED] - Actual text and expected text of test object 'Object Repository/Amazon/TC_Amazon_010_Language/Page_, , ,    - Amazon.in/a_HI' are matched.

29-01-2024T23:32:53 - [TEST_STEP][PASSED] - closeBrowser(): Browser is closed

29-01-2024T23:32:53 - [MESSAGE][PASSED] - Browser is closed]]></system-out>
         <system-err><![CDATA[]]></system-err>
      </testcase>
      <system-out><![CDATA[29-01-2024T23:27:10 - [TEST_SUITE][PASSED] - TC_Amazon_TestSuite: Test Cases/Amazon/TC_Amazon_010]]></system-out>
      <system-err><![CDATA[]]></system-err>
   </testsuite>
</testsuites>
